Build started 5/6/2015 3:06:53 PM.
     1>Project "C:\Users\josh\Documents\Visual Studio 2008\Projects\CvGameCoreSource\CvGameCoreDLL_Expansion1\CvGameCoreDLL_Expansion1.vs2013.vcxproj" on node 3 (Build target(s)).
     1>ClCompile:
         C:\Program Files (x86)\Microsoft Visual Studio 12.0\VC\bin\CL.exe /c /I"C:\Users\josh\Documents\Visual Studio 2008\Projects\CvGameCoreSource\CvWorldBuilderMap\include\\" /I"C:\Users\josh\Documents\Visual Studio 2008\Projects\CvGameCoreSource\CvGameCoreDLLUtil\include\\" /I"C:\Users\josh\Documents\Visual Studio 2008\Projects\CvGameCoreSource\CvLocalization\include\\" /I"C:\Users\josh\Documents\Visual Studio 2008\Projects\CvGameCoreSource\CvGameDatabase\include\\" /I"C:\Users\josh\Documents\Visual Studio 2008\Projects\CvGameCoreSource\FirePlace\include\\" /I"C:\Users\josh\Documents\Visual Studio 2008\Projects\CvGameCoreSource\FirePlace\include\FireWorks\\" /I"C:\Users\josh\Documents\Visual Studio 2008\Projects\CvGameCoreSource\ThirdPartyLibs\Lua51\include\\" /Zi /nologo /W3 /WX- /MP /Ox /Ob2 /Oi /Oy /D FXS_IS_DLL /D WIN32 /D NDEBUG /D _WINDOWS /D _USRDLL /D CVGAMECOREDLL_EXPORTS /D FINAL_RELEASE /D _CRT_SECURE_NO_WARNINGS /D _WINDLL /D _MBCS /Gm- /MD /GS- /Gy /fp:strict /Zc:wchar_t /Zc:forScope /GR /Yc"CvGameCoreDLLPCH.h" /Fp"C:\Users\josh\Documents\Visual Studio 2008\Projects\CvGameCoreSource\\BuildTemp\VS2013_CvGameCoreDLL_Expansion1ModWin32\CvGameCoreDLL_Expansion1Win32Mod.pch" /Fo"C:\Users\josh\Documents\Visual Studio 2008\Projects\CvGameCoreSource\\BuildTemp\VS2013_CvGameCoreDLL_Expansion1ModWin32\\" /Fd"C:\Users\josh\Documents\Visual Studio 2008\Projects\CvGameCoreSource\\BuildTemp\VS2013_CvGameCoreDLL_Expansion1ModWin32\vc120.pdb" /Gd /TP /analyze /errorReport:prompt /EHsc _precompile.cpp
         _precompile.cpp
     1>c:\users\josh\documents\visual studio 2008\projects\cvgamecoresource\fireplace\include\fireworks\fstring.h(63): warning C28251: Inconsistent annotation for 'LPSTR': this instance has no annotations. See c:\program files (x86)\windows kits\8.1\include\um\winnt.h(472).
     1>c:\users\josh\documents\visual studio 2008\projects\cvgamecoresource\fireplace\include\fireworks\fstring.h(66): warning C28251: Inconsistent annotation for 'LPCSTR': this instance has no annotations. See c:\program files (x86)\windows kits\8.1\include\um\winnt.h(475).
     1>c:\users\josh\documents\visual studio 2008\projects\cvgamecoresource\fireplace\include\fireworks\fstring.h(69): warning C28251: Inconsistent annotation for 'LPWSTR': this instance has no annotations. See c:\program files (x86)\windows kits\8.1\include\um\winnt.h(403).
     1>c:\users\josh\documents\visual studio 2008\projects\cvgamecoresource\fireplace\include\fireworks\fstring.h(72): warning C28251: Inconsistent annotation for 'LPCWSTR': this instance has no annotations. See c:\program files (x86)\windows kits\8.1\include\um\winnt.h(407).
     1>c:\users\josh\documents\visual studio 2008\projects\cvgamecoresource\fireplace\include\fireworks\fstringw.inl(951): warning C6387: 'lpszStr1' could be '0':  this does not adhere to the specification for the function 'wcscmp'. : Lines: 946, 947, 949, 951
     1>c:\users\josh\documents\visual studio 2008\projects\cvgamecoresource\fireplace\include\fireworks\fstringw.inl(951): warning C6387: 'lpszStr2' could be '0':  this does not adhere to the specification for the function 'wcscmp'. : Lines: 946, 947, 949, 951
     1>c:\users\josh\documents\visual studio 2008\projects\cvgamecoresource\fireplace\include\fireworks\fstringw.inl(962): warning C6387: 'lpszStr1' could be '0':  this does not adhere to the specification for the function '_wcsicmp'. : Lines: 956, 958, 960, 962
     1>c:\users\josh\documents\visual studio 2008\projects\cvgamecoresource\fireplace\include\fireworks\fstringw.inl(962): warning C6387: 'lpszStr2' could be '0':  this does not adhere to the specification for the function '_wcsicmp'. : Lines: 956, 958, 960, 962
     1>c:\users\josh\documents\visual studio 2008\projects\cvgamecoresource\fireplace\include\fireworks\fstringa.inl(1036): warning C6387: 'lpszStr1' could be '0':  this does not adhere to the specification for the function 'strcmp'. : Lines: 1031, 1032, 1034, 1036
     1>c:\users\josh\documents\visual studio 2008\projects\cvgamecoresource\fireplace\include\fireworks\fstringa.inl(1036): warning C6387: 'lpszStr2' could be '0':  this does not adhere to the specification for the function 'strcmp'. : Lines: 1031, 1032, 1034, 1036
     1>c:\users\josh\documents\visual studio 2008\projects\cvgamecoresource\fireplace\include\fireworks\fstringa.inl(1046): warning C6387: 'lpszStr1' could be '0':  this does not adhere to the specification for the function '_stricmp'. : Lines: 1041, 1042, 1044, 1046
     1>c:\users\josh\documents\visual studio 2008\projects\cvgamecoresource\fireplace\include\fireworks\fstringa.inl(1046): warning C6387: 'lpszStr2' could be '0':  this does not adhere to the specification for the function '_stricmp'. : Lines: 1041, 1042, 1044, 1046
     1>c:\users\josh\documents\visual studio 2008\projects\cvgamecoresource\fireplace\include\fireworks\fbatchallocate.h(163): warning C28199: Using possibly uninitialized memory 'pA':  The variable has had its address taken but no assignment to it has been discovered.: Lines: 128, 134, 135, 136, 137, 146, 148, 157, 158, 161, 163
     1>c:\users\josh\documents\visual studio 2008\projects\cvgamecoresource\fireplace\include\fireworks\fbatchallocate.h(167): warning C28199: Using possibly uninitialized memory 'pB':  The variable has had its address taken but no assignment to it has been discovered.: Lines: 128, 134, 135, 136, 137, 146, 148, 157, 158, 161, 163, 161, 163, 161, 165, 167
     1>c:\users\josh\documents\visual studio 2008\projects\cvgamecoresource\fireplace\include\fireworks\fbatchallocate.h(171): warning C28199: Using possibly uninitialized memory 'pC':  The variable has had its address taken but no assignment to it has been discovered.: Lines: 128, 134, 135, 136, 137, 146, 148, 157, 158, 161, 163, 161, 163, 161, 165, 167, 165, 167, 165, 169, 171
     1>c:\users\josh\documents\visual studio 2008\projects\cvgamecoresource\fireplace\include\fireworks\fbatchallocate.h(177): warning C28199: Using possibly uninitialized memory 'ppD':  The variable has had its address taken but no assignment to it has been discovered.: Lines: 128, 134, 135, 136, 137, 146, 148, 157, 158, 161, 163, 161, 163, 161, 165, 167, 165, 167, 165, 169, 171, 169, 171, 169, 174, 175, 177
         C:\Program Files (x86)\Microsoft Visual Studio 12.0\VC\bin\CL.exe /c /I"C:\Users\josh\Documents\Visual Studio 2008\Projects\CvGameCoreSource\CvWorldBuilderMap\include\\" /I"C:\Users\josh\Documents\Visual Studio 2008\Projects\CvGameCoreSource\CvGameCoreDLLUtil\include\\" /I"C:\Users\josh\Documents\Visual Studio 2008\Projects\CvGameCoreSource\CvLocalization\include\\" /I"C:\Users\josh\Documents\Visual Studio 2008\Projects\CvGameCoreSource\CvGameDatabase\include\\" /I"C:\Users\josh\Documents\Visual Studio 2008\Projects\CvGameCoreSource\FirePlace\include\\" /I"C:\Users\josh\Documents\Visual Studio 2008\Projects\CvGameCoreSource\FirePlace\include\FireWorks\\" /I"C:\Users\josh\Documents\Visual Studio 2008\Projects\CvGameCoreSource\ThirdPartyLibs\Lua51\include\\" /Zi /nologo /W3 /WX- /MP /Ox /Ob2 /Oi /Oy /D FXS_IS_DLL /D WIN32 /D NDEBUG /D _WINDOWS /D _USRDLL /D CVGAMECOREDLL_EXPORTS /D FINAL_RELEASE /D _CRT_SECURE_NO_WARNINGS /D _WINDLL /D _MBCS /Gm- /MD /GS- /Gy /fp:strict /Zc:wchar_t /Zc:forScope /GR /Yu"CvGameCoreDLLPCH.h" /Fp"C:\Users\josh\Documents\Visual Studio 2008\Projects\CvGameCoreSource\\BuildTemp\VS2013_CvGameCoreDLL_Expansion1ModWin32\CvGameCoreDLL_Expansion1Win32Mod.pch" /Fo"C:\Users\josh\Documents\Visual Studio 2008\Projects\CvGameCoreSource\\BuildTemp\VS2013_CvGameCoreDLL_Expansion1ModWin32\\" /Fd"C:\Users\josh\Documents\Visual Studio 2008\Projects\CvGameCoreSource\\BuildTemp\VS2013_CvGameCoreDLL_Expansion1ModWin32\vc120.pdb" /Gd /TP /analyze /errorReport:prompt /EHsc CvTargeting.cpp CvAchievementUnlocker.cpp CvAdvisorCounsel.cpp CvAdvisorRecommender.cpp CvAIOperation.cpp CvArea.cpp CvArmyAI.cpp CvAStar.cpp CvBarbarians.cpp CvBeliefClasses.cpp CvBuilderTaskingAI.cpp CvBuildingClasses.cpp CvBuildingProductionAI.cpp CvCity.cpp CvCityAI.cpp CvCityCitizens.cpp CvCityConnections.cpp CvCitySpecializationAI.cpp CvCityStrategyAI.cpp CvDangerPlots.cpp CvDatabaseUtility.cpp CvDealAI.cpp CvDealClasses.cpp CvDiplomacyAI.cpp CvDiplomacyRequests.cpp CvEconomicAI.cpp CvEmphasisClasses.cpp CvEspionageClasses.cpp CvFlavorManager.cpp CvFractal.cpp CvGame.cpp CvGameCoreDLL.cpp CvGameCoreEnumSerialization.cpp CvGameCoreUtils.cpp CvGameQueries.cpp CvGameTextMgr.cpp CvGlobals.cpp CvGoodyHuts.cpp CvGrandStrategyAI.cpp CvHomelandAI.cpp CvImprovementClasses.cpp CvInfos.cpp CvInfosSerializationHelper.cpp CvInternalGameCoreUtils.cpp CvMap.cpp CvMapGenerator.cpp CvMilitaryAI.cpp CvMinorCivAI.cpp CvNotificationClasses.cpp CvNotifications.cpp CvPlayer.cpp CvPlayerAI.cpp CvPlayerManager.cpp CvPlot.cpp CvPolicyAI.cpp CvPolicyClasses.cpp CvPopupInfoSerialization.cpp CvPopupReturn.cpp CvPreGame.cpp CvProcessProductionAI.cpp CvProjectClasses.cpp CvProjectProductionAI.cpp CvPromotionClasses.cpp CvRandom.cpp CvReligionClasses.cpp CvReplayInfo.cpp CvReplayMessage.cpp CvSiteEvaluationClasses.cpp CvStartPositioner.cpp cvStopWatch.cpp CvStructs.cpp CvTacticalAI.cpp CvTacticalAnalysisMap.cpp CvTeam.cpp CvTechAI.cpp CvTechClasses.cpp CvTraitClasses.cpp CvTreasury.cpp CvTypes.cpp CvUnit.cpp CvUnitClasses.cpp CvUnitCombat.cpp CvUnitCycler.cpp CvUnitMission.cpp CvUnitMovement.cpp CvUnitProductionAI.cpp CvWonderProductionAI.cpp CvWorldBuilderMapLoader.cpp Lua\CvLuaArea.cpp Lua\CvLuaArgsHandle.cpp Lua\CvLuaCity.cpp Lua\CvLuaDeal.cpp Lua\CvLuaEnums.cpp Lua\CvLuaFractal.cpp Lua\CvLuaGame.cpp Lua\CvLuaGameInfo.cpp Lua\CvLuaMap.cpp Lua\CvLuaPlayer.cpp Lua\CvLuaPlot.cpp Lua\CvLuaSupport.cpp Lua\CvLuaTeam.cpp Lua\CvLuaTeamTech.cpp Lua\CvLuaUnit.cpp CvDllBuildInfo.cpp CvDllBuildingInfo.cpp CvDllCity.cpp CvDllCivilizationInfo.cpp CvDllColorInfo.cpp CvDllCombatInfo.cpp CvDllContext.cpp CvDllDatabaseUtility.cpp CvDllDeal.cpp CvDllDealAI.cpp CvDllDiplomacyAI.cpp CvDllDlcPackageInfo.cpp CvDllEraInfo.cpp CvDllFeatureInfo.cpp CvDllGame.cpp CvDllGameAsynch.cpp CvDllGameDeals.cpp CvDllGameOptionInfo.cpp CvDllGameSpeedInfo.cpp CvDllHandicapInfo.cpp CvDllImprovementInfo.cpp CvDllInterfaceModeInfo.cpp CvDllLeaderheadInfo.cpp CvDllMap.cpp CvDllMinorCivInfo.cpp CvDllMissionData.cpp CvDllMissionInfo.cpp CvDllNetInitInfo.cpp CvDllNetLoadGameInfo.cpp CvDllNetMessageHandler.cpp CvDllNetworkSyncronization.cpp CvDllPathFinderUpdate.cpp CvDllPlayer.cpp CvDllPlayerColorInfo.cpp CvDllPlayerOptionInfo.cpp CvDllPlot.cpp CvDllPolicyInfo.cpp CvDllPreGame.cpp CvDllPromotionInfo.cpp CvDllRandom.cpp CvDllResourceInfo.cpp CvDllScriptSystemUtility.cpp CvDllTeam.cpp CvDllTechInfo.cpp CvDllTerrainInfo.cpp CvDllUnit.cpp CvDllUnitCombatClassInfo.cpp CvDllUnitInfo.cpp CvDllVictoryInfo.cpp CvDllWorldBuilderMapLoader.cpp CvDllWorldInfo.cpp
         CvTargeting.cpp
         CvAchievementUnlocker.cpp
         CvAdvisorCounsel.cpp
         CvAdvisorRecommender.cpp
         CvAIOperation.cpp
     1>CvAdvisorCounsel.cpp(431): warning C4189: 'bSuccess' : local variable is initialized but not referenced
     1>CvAdvisorCounsel.cpp(447): warning C4189: 'bSuccess' : local variable is initialized but not referenced
     1>CvAdvisorCounsel.cpp(500): warning C4189: 'bSuccess' : local variable is initialized but not referenced
     1>CvAdvisorCounsel.cpp(1321): warning C4189: 'bSuccess' : local variable is initialized but not referenced
     1>CvAdvisorCounsel.cpp(1872): warning C4189: 'bSuccess' : local variable is initialized but not referenced
     1>CvAdvisorCounsel.cpp(1977): warning C4189: 'bSuccess' : local variable is initialized but not referenced
     1>CvAdvisorCounsel.cpp(2020): warning C4189: 'bSuccess' : local variable is initialized but not referenced
         CvArea.cpp
     1>c:\users\josh\documents\visual studio 2008\projects\cvgamecoresource\cvgamecoredll_expansion1\cvaioperation.cpp(1108): warning C6011: Dereferencing NULL pointer 'thisFormation'. : Lines: 1101, 1103, 1105, 1106, 1107, 1108
         CvArmyAI.cpp
         CvAStar.cpp
         CvBarbarians.cpp
     1>c:\users\josh\documents\visual studio 2008\projects\cvgamecoresource\cvgamecoredll_expansion1\cvbarbarians.cpp(452): warning C6011: Dereferencing NULL pointer 'gGlobals.getUnitInfo(eBestUnit)'. : Lines: 257, 259, 264, 265, 266, 268, 270, 273, 275, 277, 279, 282, 287, 289, 291, 277, 296, 298, 300, 301, 302, 304, 306, 309, 317, 323, 328, 329, 330, 332, 334, 337, 339, 340, 341, 342, 344, 345, 346, 348, 350, 355, 357, 359, 362, 364, 366, 369, 372, 374, 377, 379, 382, 385, 388, 390, 393, 395, 397, 399, 395, 431, 393, 438, 442, 445, 446, 448, 450, 452
         CvBeliefClasses.cpp
         CvBuilderTaskingAI.cpp
         CvBuildingClasses.cpp
     1>c:\users\josh\documents\visual studio 2008\projects\cvgamecoresource\cvgamecoredll_expansion1\cvbeliefclasses.cpp(806): warning C6386: Buffer overrun while writing to 'm_paiBuildingClassEnabled':  the writable size is 'class CvGlobals gGlobals.public: int __thiscall CvGlobals::getNumBuildingClassInfos(void)()*4' bytes, but '8' bytes might be written.: Lines: 772, 773, 774, 775, 776, 777, 778, 779, 780, 781, 782, 783, 784, 785, 786, 787, 788, 789, 791, 792, 793, 795, 797, 798, 800, 801, 806, 798, 800, 801, 806
     1>c:\users\josh\documents\visual studio 2008\projects\cvgamecoresource\cvgamecoredll_expansion1\cvbeliefclasses.cpp(853): warning C6386: Buffer overrun while writing to 'm_paiBuildingClassEnabled':  the writable size is 'class CvGlobals gGlobals.public: int __thiscall CvGlobals::getNumBuildingClassInfos(void)()*4' bytes, but '8' bytes might be written.: Lines: 819, 820, 821, 822, 823, 824, 825, 826, 827, 828, 829, 830, 831, 832, 833, 834, 835, 836, 838, 839, 840, 842, 844, 845, 847, 848, 853, 845, 847, 848, 853
         CvBuildingProductionAI.cpp
         CvCity.cpp
         CvCityAI.cpp
     1>c:\users\josh\documents\visual studio 2008\projects\cvgamecoresource\cvgamecoredll_expansion1\cvbuildingclasses.cpp(1748): warning C28251: Inconsistent annotation for 'GetEntry': this instance has no annotations. See c:\users\josh\documents\visual studio 2008\projects\cvgamecoresource\cvgamecoredll_expansion1\cvbuildingclasses.h(400).
     1>c:\users\josh\documents\visual studio 2008\projects\cvgamecoresource\cvgamecoredll_expansion1\cvbuildingclasses.cpp(2520): warning C6011: Dereferencing NULL pointer 'gGlobals.getCivilizationInfo(m_pCity->getCivilizationType())'. : Lines: 2520, 2503, 2505, 2507, 2508, 2511, 2517, 2520
         CvCityCitizens.cpp
     1>c:\users\josh\documents\visual studio 2008\projects\cvgamecoresource\cvgamecoredll_expansion1\cvcityai.cpp(143): warning C6011: Dereferencing NULL pointer 'gGlobals.getBuildingInfo((enum BuildingTypes)buildable.m_iIndex)'. : Lines: 84, 85, 86, 89, 92, 105, 106, 114, 115, 116, 117, 118, 122, 124, 125, 126, 127, 128, 130, 132, 133, 134, 135, 137, 139, 140, 141, 142, 143
         CvCityConnections.cpp
     1>CvCity.cpp(11202): warning C4189: 'bResult' : local variable is initialized but not referenced
     1>CvCity.cpp(11273): warning C4189: 'bResult' : local variable is initialized but not referenced
         CvCitySpecializationAI.cpp
     1>c:\users\josh\documents\visual studio 2008\projects\cvgamecoresource\cvgamecoredll_expansion1\cvcitycitizens.cpp(120): warning C6386: Buffer overrun while writing to 'm_piBuildingGreatPeopleRateChanges':  the writable size is 'class CvGlobals gGlobals.public: int __thiscall CvGlobals::getNumSpecialistInfos(void)()*4' bytes, but '8' bytes might be written.: Lines: 68, 69, 70, 71, 72, 74, 76, 79, 81, 82, 79, 81, 82, 79, 85, 86, 89, 90, 96, 97, 103, 104, 110, 111, 117, 118, 120, 118, 120
     1>c:\users\josh\documents\visual studio 2008\projects\cvgamecoresource\cvgamecoredll_expansion1\cvcitycitizens.cpp(773): warning C6011: Dereferencing NULL pointer 'gGlobals.getBuildingInfo(eBuilding)'. : Lines: 773, 591, 594, 599, 600, 601, 603, 606, 610, 614, 618, 620, 628, 634, 641, 661, 688, 722, 759, 762, 763, 765, 768, 771, 773
     1>c:\users\josh\documents\visual studio 2008\projects\cvgamecoresource\cvgamecoredll_expansion1\cvcitycitizens.cpp(2005): warning C6011: Dereferencing NULL pointer 'gGlobals.getBuildingInfo(eBuilding)'. : Lines: 2002, 2005
         CvCityStrategyAI.cpp
         CvDangerPlots.cpp
     1>c:\users\josh\documents\visual studio 2008\projects\cvgamecoresource\cvgamecoredll_expansion1\cvcity.cpp(4760): warning C28251: Inconsistent annotation for 'getProductionModifier': this instance has no annotations. See c:\users\josh\documents\visual studio 2008\projects\cvgamecoresource\cvgamecoredll_expansion1\cvcity.h(195).
     1>c:\users\josh\documents\visual studio 2008\projects\cvgamecoresource\cvgamecoredll_expansion1\cvcity.cpp(4800): warning C28251: Inconsistent annotation for 'getGeneralProductionModifiers': this instance has no annotations. See c:\users\josh\documents\visual studio 2008\projects\cvgamecoresource\cvgamecoredll_expansion1\cvcity.h(196).
     1>c:\users\josh\documents\visual studio 2008\projects\cvgamecoresource\cvgamecoredll_expansion1\cvcity.cpp(4819): warning C28251: Inconsistent annotation for 'getProductionModifier': this instance has no annotations. See c:\users\josh\documents\visual studio 2008\projects\cvgamecoresource\cvgamecoredll_expansion1\cvcity.h(197).
     1>c:\users\josh\documents\visual studio 2008\projects\cvgamecoresource\cvgamecoredll_expansion1\cvcity.cpp(4930): warning C28251: Inconsistent annotation for 'getProductionModifier': this instance has no annotations. See c:\users\josh\documents\visual studio 2008\projects\cvgamecoresource\cvgamecoredll_expansion1\cvcity.h(198).
     1>c:\users\josh\documents\visual studio 2008\projects\cvgamecoresource\cvgamecoredll_expansion1\cvcity.cpp(5032): warning C28251: Inconsistent annotation for 'getProductionModifier': this instance has no annotations. See c:\users\josh\documents\visual studio 2008\projects\cvgamecoresource\cvgamecoredll_expansion1\cvcity.h(199).
     1>c:\users\josh\documents\visual studio 2008\projects\cvgamecoresource\cvgamecoredll_expansion1\cvcity.cpp(5053): warning C28251: Inconsistent annotation for 'getProductionModifier': this instance has no annotations. See c:\users\josh\documents\visual studio 2008\projects\cvgamecoresource\cvgamecoredll_expansion1\cvcity.h(200).
     1>c:\users\josh\documents\visual studio 2008\projects\cvgamecoresource\cvgamecoredll_expansion1\cvcity.cpp(5897): warning C6011: Dereferencing NULL pointer 'gGlobals.getBuildingInfo(eBuilding)'. : Lines: 5552, 5554, 5557, 5559, 5560, 5561, 5563, 5566, 5661, 5666, 5667, 5668, 5669, 5670, 5671, 5672, 5674, 5676, 5681, 5686, 5691, 5692, 5696, 5697, 5698, 5699, 5701, 5702, 5703, 5705, 5706, 5717, 5718, 5719, 5720, 5721, 5722, 5723, 5724, 5726, 5736, 5737, 5738, 5770, 5825, 5827, 5829, 5831, 5832, 5833, 5834, 5835, 5836, 5837, 5839, 5840, 5841, 5843, 5848, 5853, 5858, 5877, 5878, 5827, 5829, 5831, 5832, 5833, 5834, 5835, 5836, 5837, 5839, 5840, 5841, 5843, 5848, 5853, 5858, 5877, 5878, 5827, 5895, 5897
         CvDatabaseUtility.cpp
     1>c:\users\josh\documents\visual studio 2008\projects\cvgamecoresource\cvgamecoredll_expansion1\cvcity.cpp(14031): warning C28251: Inconsistent annotation for 'rangeCombatUnitDefense': this instance has no annotations. See c:\users\josh\documents\visual studio 2008\projects\cvgamecoresource\cvgamecoredll_expansion1\cvcity.h(692).
         CvDealAI.cpp
     1>c:\users\josh\documents\visual studio 2008\projects\cvgamecoresource\cvgamecoredll_expansion1\cvdatabaseutility.cpp(102): warning C6386: Buffer overrun while writing to 'ppArray':  the writable size is 'iNumBytes*1' bytes, but '8' bytes might be written.: Lines: 82, 83, 85, 92, 93, 94, 95, 96, 98, 96, 100, 102
     1>c:\users\josh\documents\visual studio 2008\projects\cvgamecoresource\cvgamecoredll_expansion1\cvdatabaseutility.cpp(102): warning C6385: Reading invalid data from 'ppArray':  the readable size is 'iNumBytes*1' bytes, but '8' bytes may be read.: Lines: 82, 83, 85, 92, 93, 94, 95, 96, 98, 96, 100, 102, 103, 105, 103, 100, 102
     1>c:\users\josh\documents\visual studio 2008\projects\cvgamecoresource\cvgamecoredll_expansion1\cvdatabaseutility.cpp(131): warning C6386: Buffer overrun while writing to 'ppArray':  the writable size is 'iNumBytes*1' bytes, but '8' bytes might be written.: Lines: 114, 121, 122, 123, 124, 125, 127, 125, 129, 131
     1>c:\users\josh\documents\visual studio 2008\projects\cvgamecoresource\cvgamecoredll_expansion1\cvdatabaseutility.cpp(131): warning C6385: Reading invalid data from 'ppArray':  the readable size is 'iNumBytes*1' bytes, but '8' bytes may be read.: Lines: 114, 121, 122, 123, 124, 125, 127, 125, 129, 131, 132, 134, 132, 129, 131
         CvDealClasses.cpp
         CvDiplomacyAI.cpp
     1>CvDealAI.cpp(561): warning C4189: 'eMyPlayer' : local variable is initialized but not referenced
     1>CvDealAI.cpp(641): warning C4189: 'eMyPlayer' : local variable is initialized but not referenced
     1>CvDealAI.cpp(1785): warning C4100: 'eOtherPlayer' : unreferenced formal parameter
         CvDiplomacyRequests.cpp
         CvEconomicAI.cpp
         CvEmphasisClasses.cpp
     1>c:\users\josh\documents\visual studio 2008\projects\cvgamecoresource\cvgamecoredll_expansion1\cvemphasisclasses.cpp(101): warning C28251: Inconsistent annotation for 'GetEntry': this instance has no annotations. See c:\users\josh\documents\visual studio 2008\projects\cvgamecoresource\cvgamecoredll_expansion1\cvemphasisclasses.h(70).
     1>c:\users\josh\documents\visual studio 2008\projects\cvgamecoresource\cvgamecoredll_expansion1\cvemphasisclasses.cpp(155): warning C6386: Buffer overrun while writing to 'm_pbEmphasize':  the writable size is 'class CvGlobals gGlobals.public: int __thiscall CvGlobals::getNumEmphasisInfos(void)()*1' bytes, but '2' bytes might be written.: Lines: 140, 142, 143, 145, 147, 145, 147, 145, 152, 153, 155, 153, 155
     1>c:\users\josh\documents\visual studio 2008\projects\cvgamecoresource\cvgamecoredll_expansion1\cvemphasisclasses.cpp(211): warning C6011: Dereferencing NULL pointer 'pkEmphasis'. : Lines: 205, 207, 209, 211
         CvEspionageClasses.cpp
     1>CvEspionageClasses.cpp(1316): warning C4100: 'iSpyIndex' : unreferenced formal parameter
     1>c:\users\josh\documents\visual studio 2008\projects\cvgamecoresource\cvgamecoredll_expansion1\cveconomicai.cpp(1682): warning C6011: Dereferencing NULL pointer 'gGlobals.getHurryInfo((enum HurryTypes)iI)'. : Lines: 1641, 1642, 1644, 1645, 1646, 1647, 1648, 1650, 1651, 1652, 1653, 1654, 1657, 1660, 1663, 1665, 1667, 1669, 1672, 1673, 1665, 1657, 1660, 1663, 1665, 1667, 1669, 1672, 1673, 1675, 1682
         CvFlavorManager.cpp
         CvFractal.cpp
     1>CvFractal.cpp(73): warning C4100: 'iHintsLength' : unreferenced formal parameter
         CvGame.cpp
         CvGameCoreDLL.cpp
     1>CvGameCoreDLL.cpp(35): warning C4189: 'iTimeSet' : local variable is initialized but not referenced
     1>c:\users\josh\documents\visual studio 2008\projects\cvgamecoresource\cvgamecoredll_expansion1\cvflavormanager.cpp(207): warning C6386: Buffer overrun while writing to 'm_piPersonalityFlavor':  the writable size is 'class CvGlobals gGlobals.public: int __thiscall CvGlobals::getNumFlavorTypes(void)()*4' bytes, but '8' bytes might be written.: Lines: 142, 145, 148, 149, 150, 153, 156, 157, 159, 160, 163, 203, 204, 205, 207, 205, 207
     1>c:\users\josh\documents\visual studio 2008\projects\cvgamecoresource\cvgamecoredll_expansion1\cvflavormanager.cpp(188): warning C6385: Reading invalid data from 'm_piPersonalityFlavor':  the readable size is 'class CvGlobals gGlobals.public: int __thiscall CvGlobals::getNumFlavorTypes(void)()*4' bytes, but '8' bytes may be read.: Lines: 142, 145, 148, 149, 150, 153, 156, 157, 159, 160, 163, 165, 166, 168, 169, 171, 172, 174, 177, 184, 188, 174, 177, 184, 188
     1>CvGame.cpp(1678): warning C4189: 'bResult' : local variable is initialized but not referenced
         CvGameCoreEnumSerialization.cpp
         CvGameCoreUtils.cpp
         CvGameQueries.cpp
     1>c:\users\josh\documents\visual studio 2008\projects\cvgamecoresource\cvgamecoredll_expansion1\cvespionageclasses.cpp(714): warning C6011: Dereferencing NULL pointer 'pCity'. : Lines: 247, 248, 249, 250, 251, 252, 253, 254, 264, 266, 665, 667, 712, 714
         CvGameTextMgr.cpp
         CvGlobals.cpp
         CvGoodyHuts.cpp
         CvGrandStrategyAI.cpp
         CvHomelandAI.cpp
         CvImprovementClasses.cpp
     1>c:\users\josh\documents\visual studio 2008\projects\cvgamecoresource\cvgamecoredll_expansion1\cvimprovementclasses.cpp(954): warning C28251: Inconsistent annotation for 'GetEntry': this instance has no annotations. See c:\users\josh\documents\visual studio 2008\projects\cvgamecoresource\cvgamecoredll_expansion1\cvimprovementclasses.h(238).
         CvInfos.cpp
     1>c:\users\josh\documents\visual studio 2008\projects\cvgamecoresource\cvgamecoredll_expansion1\cvinfos.cpp(1038): warning C6011: Dereferencing NULL pointer 'gGlobals.getCommandInfo((enum CommandTypes)m_iOriginalIndex)'. : Lines: 1032, 1036, 1038
     1>c:\users\josh\documents\visual studio 2008\projects\cvgamecoresource\cvgamecoredll_expansion1\cvinfos.cpp(1042): warning C6011: Dereferencing NULL pointer 'gGlobals.getAutomateInfo(m_iOriginalIndex)'. : Lines: 1032, 1036, 1040, 1042
     1>c:\users\josh\documents\visual studio 2008\projects\cvgamecoresource\cvgamecoredll_expansion1\cvhomelandai.cpp(1363): warning C6011: Dereferencing NULL pointer 'gGlobals.getUnitInfo(pUnit.->()->getUnitType())'. : Lines: 1163, 1164, 1165, 1166, 1167, 1169, 1170, 1229, 1240, 1242, 1243, 1251, 1252, 1253, 1256, 1257, 1284, 1290, 1292, 1293, 1294, 1296, 1312, 1319, 1336, 1337, 1338, 1340, 1341, 1343, 1345, 1347, 1348, 1338, 1352, 1354, 1356, 1357, 1359, 1361, 1362, 1363
     1>c:\users\josh\documents\visual studio 2008\projects\cvgamecoresource\cvgamecoredll_expansion1\cvinfos.cpp(3226): warning C6386: Buffer overrun while writing to 'm_piGoodies':  the writable size is 'm_iNumGoodies*4' bytes, but '8' bytes might be written.: Lines: 3142, 3145, 3146, 3147, 3148, 3149, 3150, 3151, 3152, 3153, 3154, 3155, 3156, 3157, 3158, 3159, 3160, 3161, 3162, 3163, 3164, 3165, 3166, 3167, 3168, 3169, 3170, 3171, 3172, 3173, 3174, 3175, 3176, 3177, 3178, 3179, 3180, 3181, 3182, 3183, 3184, 3185, 3186, 3187, 3188, 3189, 3190, 3191, 3192, 3193, 3194, 3195, 3196, 3197, 3198, 3199, 3200, 3201, 3204, 3209, 3210, 3216, 3217, 3218, 3219, 3221, 3223, 3224, 3226, 3224, 3226
     1>c:\users\josh\documents\visual studio 2008\projects\cvgamecoresource\cvgamecoredll_expansion1\cvhomelandai.cpp(2904): warning C28182: Dereferencing NULL pointer. 'pTarget' contains the same NULL value as 'pBestCityPlot' did. : Lines: 2854, 2855, 2857, 2858, 2863, 2864, 2870, 2873, 2883, 2895, 2896, 2897, 2898, 2899, 2901, 2903, 2904, 2914, 2916, 2917, 2919, 2920, 2899, 2925, 2940, 2941, 2943, 2864, 2855, 2857, 2858, 2863, 2864, 2870, 2873, 2883, 2895, 2896, 2897, 2898, 2899, 2901, 2903, 2904
     1>c:\users\josh\documents\visual studio 2008\projects\cvgamecoresource\cvgamecoredll_expansion1\cvhomelandai.cpp(3159): warning C28182: Dereferencing NULL pointer. 'pTarget' contains the same NULL value as 'pBestCityPlot' did. : Lines: 3019, 3020, 3021, 3024, 3025, 3026, 3035, 3036, 3037, 3038, 3039, 3049, 3051, 3052, 3058, 3116, 3125, 3126, 3140, 3141, 3142, 3143, 3144, 3146, 3151, 3156, 3158, 3159, 3174, 3176, 3177, 3179, 3180, 3144, 3185, 3200, 3126, 3049, 3051, 3052, 3058, 3116, 3125, 3126, 3140, 3141, 3142, 3143, 3144, 3146, 3151, 3156, 3158, 3159
     1>c:\users\josh\documents\visual studio 2008\projects\cvgamecoresource\cvgamecoredll_expansion1\cvhomelandai.cpp(3300): warning C28182: Dereferencing NULL pointer. 'pTarget' contains the same NULL value as 'pBestCityPlot' did. : Lines: 3214, 3215, 3216, 3219, 3220, 3221, 3230, 3231, 3232, 3233, 3234, 3244, 3246, 3247, 3252, 3261, 3262, 3276, 3277, 3278, 3279, 3280, 3282, 3287, 3292, 3297, 3299, 3300, 3315, 3317, 3318, 3320, 3321, 3280, 3326, 3341, 3342, 3344, 3262, 3244, 3246, 3247, 3252, 3261, 3262, 3276, 3277, 3278, 3279, 3280, 3282, 3287, 3292, 3297, 3299, 3300
     1>c:\users\josh\documents\visual studio 2008\projects\cvgamecoresource\cvgamecoredll_expansion1\cvhomelandai.cpp(3698): warning C6011: Dereferencing NULL pointer 'gGlobals.getUnitInfo(pUnit.->()->getUnitType())'. : Lines: 3588, 3590, 3592, 3593, 3598, 3599, 3600, 3601, 3604, 3605, 3638, 3639, 3640, 3663, 3692, 3693, 3695, 3697, 3698
         CvInfosSerializationHelper.cpp
     1>c:\users\josh\documents\visual studio 2008\projects\cvgamecoresource\cvgamecoredll_expansion1\cvhomelandai.cpp(3843): warning C6011: Dereferencing NULL pointer 'gGlobals.getUnitInfo(pUnit->getUnitType())'. : Lines: 3711, 3714, 3715, 3717, 3780, 3781, 3782, 3784, 3785, 3787, 3789, 3790, 3796, 3801, 3806, 3808, 3839, 3841, 3842, 3843
         CvInternalGameCoreUtils.cpp
         CvMap.cpp
         CvMapGenerator.cpp
     1>CvMapGenerator.cpp(36): warning C4189: 'bLoaded' : local variable is initialized but not referenced
         CvMilitaryAI.cpp
     1>CvMilitaryAI.cpp(947): warning C4189: 'iResult' : local variable is initialized but not referenced
     1>c:\users\josh\documents\visual studio 2008\projects\cvgamecoresource\cvgamecoredll_expansion1\cvmap.cpp(442): warning C6031: Return value ignored: 'CoCreateGuid'.
     1>c:\users\josh\documents\visual studio 2008\projects\cvgamecoresource\cvgamecoredll_expansion1\cvgame.cpp(574): warning C6011: Dereferencing NULL pointer 'pBarbarianCivilizationInfo'. : Lines: 538, 539, 540, 542, 544, 545, 546, 542, 544, 545, 546, 542, 549, 551, 549, 551, 549, 554, 556, 557, 559, 554, 556, 557, 559, 554, 570, 571, 573, 574
     1>c:\users\josh\documents\visual studio 2008\projects\cvgamecoresource\cvgamecoredll_expansion1\cvglobals.cpp(1956): warning C6387: 'pCity' could be '0':  this does not adhere to the specification for the function 'CvDllCity::{ctor}'. : Lines: 1956
     1>c:\users\josh\documents\visual studio 2008\projects\cvgamecoresource\cvgamecoredll_expansion1\cvglobals.cpp(1966): warning C6387: 'pDeal' could be '0':  this does not adhere to the specification for the function 'CvDllDeal::{ctor}'. : Lines: 1966
         CvMinorCivAI.cpp
     1>c:\users\josh\documents\visual studio 2008\projects\cvgamecoresource\cvgamecoredll_expansion1\cvglobals.cpp(1976): warning C6387: 'pPlot' could be '0':  this does not adhere to the specification for the function 'CvDllPlot::{ctor}'. : Lines: 1976
     1>c:\users\josh\documents\visual studio 2008\projects\cvgamecoresource\cvgamecoredll_expansion1\cvglobals.cpp(1986): warning C6387: 'pRandom' could be '0':  this does not adhere to the specification for the function 'CvDllRandom::{ctor}'. : Lines: 1986
     1>c:\users\josh\documents\visual studio 2008\projects\cvgamecoresource\cvgamecoredll_expansion1\cvglobals.cpp(1991): warning C6387: 'pUnit' could be '0':  this does not adhere to the specification for the function 'CvDllUnit::{ctor}'. : Lines: 1991
     1>c:\users\josh\documents\visual studio 2008\projects\cvgamecoresource\cvgamecoredll_expansion1\cvglobals.cpp(2258): warning C28251: Inconsistent annotation for 'GetColorInfo': this instance has no annotations. See c:\users\josh\documents\visual studio 2008\projects\cvgamecoresource\cvgamecoredll_expansion1\cvglobals.h(276).
     1>c:\users\josh\documents\visual studio 2008\projects\cvgamecoresource\cvgamecoredll_expansion1\cvglobals.cpp(2279): warning C28251: Inconsistent annotation for 'GetPlayerColorInfo': this instance has no annotations. See c:\users\josh\documents\visual studio 2008\projects\cvgamecoresource\cvgamecoredll_expansion1\cvglobals.h(280).
     1>c:\users\josh\documents\visual studio 2008\projects\cvgamecoresource\cvgamecoredll_expansion1\cvglobals.cpp(2299): warning C28251: Inconsistent annotation for 'getEntityEventInfo': this instance has no annotations. See c:\users\josh\documents\visual studio 2008\projects\cvgamecoresource\cvgamecoredll_expansion1\cvglobals.h(284).
     1>c:\users\josh\documents\visual studio 2008\projects\cvgamecoresource\cvgamecoredll_expansion1\cvglobals.cpp(2319): warning C28251: Inconsistent annotation for 'getMultiUnitFormationInfo': this instance has no annotations. See c:\users\josh\documents\visual studio 2008\projects\cvgamecoresource\cvgamecoredll_expansion1\cvglobals.h(288).
     1>c:\users\josh\documents\visual studio 2008\projects\cvgamecoresource\cvgamecoredll_expansion1\cvglobals.cpp(2359): warning C28251: Inconsistent annotation for 'getResourceClassInfo': this instance has no annotations. See c:\users\josh\documents\visual studio 2008\projects\cvgamecoresource\cvgamecoredll_expansion1\cvglobals.h(296).
     1>c:\users\josh\documents\visual studio 2008\projects\cvgamecoresource\cvgamecoredll_expansion1\cvglobals.cpp(2430): warning C28251: Inconsistent annotation for 'getCivilizationInfo': this instance has no annotations. See c:\users\josh\documents\visual studio 2008\projects\cvgamecoresource\cvgamecoredll_expansion1\cvglobals.h(310).
     1>c:\users\josh\documents\visual studio 2008\projects\cvgamecoresource\cvgamecoredll_expansion1\cvglobals.cpp(2502): warning C28251: Inconsistent annotation for 'getLeaderHeadInfo': this instance has no annotations. See c:\users\josh\documents\visual studio 2008\projects\cvgamecoresource\cvgamecoredll_expansion1\cvglobals.h(320).
     1>c:\users\josh\documents\visual studio 2008\projects\cvgamecoresource\cvgamecoredll_expansion1\cvglobals.cpp(2522): warning C28251: Inconsistent annotation for 'getUnitInfo': this instance has no annotations. See c:\users\josh\documents\visual studio 2008\projects\cvgamecoresource\cvgamecoredll_expansion1\cvglobals.h(324).
     1>c:\users\josh\documents\visual studio 2008\projects\cvgamecoresource\cvgamecoredll_expansion1\cvglobals.cpp(2547): warning C28251: Inconsistent annotation for 'getSpecialUnitInfo': this instance has no annotations. See c:\users\josh\documents\visual studio 2008\projects\cvgamecoresource\cvgamecoredll_expansion1\cvglobals.h(329).
     1>c:\users\josh\documents\visual studio 2008\projects\cvgamecoresource\cvgamecoredll_expansion1\cvglobals.cpp(2567): warning C28251: Inconsistent annotation for 'getVoteSourceInfo': this instance has no annotations. See c:\users\josh\documents\visual studio 2008\projects\cvgamecoresource\cvgamecoredll_expansion1\cvglobals.h(333).
     1>c:\users\josh\documents\visual studio 2008\projects\cvgamecoresource\cvgamecoredll_expansion1\cvglobals.cpp(2587): warning C28251: Inconsistent annotation for 'getUnitCombatClassInfo': this instance has no annotations. See c:\users\josh\documents\visual studio 2008\projects\cvgamecoresource\cvgamecoredll_expansion1\cvglobals.h(337).
     1>c:\users\josh\documents\visual studio 2008\projects\cvgamecoresource\cvgamecoredll_expansion1\cvglobals.cpp(2602): warning C28251: Inconsistent annotation for 'getUnitAIInfo': this instance has no annotations. See c:\users\josh\documents\visual studio 2008\projects\cvgamecoresource\cvgamecoredll_expansion1\cvglobals.h(340).
     1>c:\users\josh\documents\visual studio 2008\projects\cvgamecoresource\cvgamecoredll_expansion1\cvglobals.cpp(2622): warning C28251: Inconsistent annotation for 'getGameOptionInfo': this instance has no annotations. See c:\users\josh\documents\visual studio 2008\projects\cvgamecoresource\cvgamecoredll_expansion1\cvglobals.h(344).
     1>c:\users\josh\documents\visual studio 2008\projects\cvgamecoresource\cvgamecoredll_expansion1\cvglobals.cpp(2642): warning C28251: Inconsistent annotation for 'getMPOptionInfo': this instance has no annotations. See c:\users\josh\documents\visual studio 2008\projects\cvgamecoresource\cvgamecoredll_expansion1\cvglobals.h(348).
     1>c:\users\josh\documents\visual studio 2008\projects\cvgamecoresource\cvgamecoredll_expansion1\cvglobals.cpp(2657): warning C28251: Inconsistent annotation for 'getPlayerOptionInfo': this instance has no annotations. See c:\users\josh\documents\visual studio 2008\projects\cvgamecoresource\cvgamecoredll_expansion1\cvglobals.h(351).
     1>c:\users\josh\documents\visual studio 2008\projects\cvgamecoresource\cvgamecoredll_expansion1\cvglobals.cpp(2671): warning C28251: Inconsistent annotation for 'getYieldInfo': this instance has no annotations. See c:\users\josh\documents\visual studio 2008\projects\cvgamecoresource\cvgamecoredll_expansion1\cvglobals.h(354).
     1>c:\users\josh\documents\visual studio 2008\projects\cvgamecoresource\cvgamecoredll_expansion1\cvglobals.cpp(2691): warning C28251: Inconsistent annotation for 'getRouteInfo': this instance has no annotations. See c:\users\josh\documents\visual studio 2008\projects\cvgamecoresource\cvgamecoredll_expansion1\cvglobals.h(358).
     1>c:\users\josh\documents\visual studio 2008\projects\cvgamecoresource\cvgamecoredll_expansion1\cvglobals.cpp(2756): warning C28251: Inconsistent annotation for 'getHandicapInfo': this instance has no annotations. See c:\users\josh\documents\visual studio 2008\projects\cvgamecoresource\cvgamecoredll_expansion1\cvglobals.h(371).
     1>c:\users\josh\documents\visual studio 2008\projects\cvgamecoresource\cvgamecoredll_expansion1\cvglobals.cpp(2776): warning C28251: Inconsistent annotation for 'getGameSpeedInfo': this instance has no annotations. See c:\users\josh\documents\visual studio 2008\projects\cvgamecoresource\cvgamecoredll_expansion1\cvglobals.h(375).
     1>c:\users\josh\documents\visual studio 2008\projects\cvgamecoresource\cvgamecoredll_expansion1\cvglobals.cpp(2861): warning C28251: Inconsistent annotation for 'getBuildingClassInfo': this instance has no annotations. See c:\users\josh\documents\visual studio 2008\projects\cvgamecoresource\cvgamecoredll_expansion1\cvglobals.h(392).
     1>c:\users\josh\documents\visual studio 2008\projects\cvgamecoresource\cvgamecoredll_expansion1\cvglobals.cpp(2881): warning C28251: Inconsistent annotation for 'getBuildingInfo': this instance has no annotations. See c:\users\josh\documents\visual studio 2008\projects\cvgamecoresource\cvgamecoredll_expansion1\cvglobals.h(396).
     1>c:\users\josh\documents\visual studio 2008\projects\cvgamecoresource\cvgamecoredll_expansion1\cvglobals.cpp(2906): warning C28251: Inconsistent annotation for 'getUnitClassInfo': this instance has no annotations. See c:\users\josh\documents\visual studio 2008\projects\cvgamecoresource\cvgamecoredll_expansion1\cvglobals.h(401).
     1>c:\users\josh\documents\visual studio 2008\projects\cvgamecoresource\cvgamecoredll_expansion1\cvglobals.cpp(2941): warning C28251: Inconsistent annotation for 'getMissionInfo': this instance has no annotations. See c:\users\josh\documents\visual studio 2008\projects\cvgamecoresource\cvgamecoredll_expansion1\cvglobals.h(408).
     1>c:\users\josh\documents\visual studio 2008\projects\cvgamecoresource\cvgamecoredll_expansion1\cvglobals.cpp(2956): warning C28251: Inconsistent annotation for 'getControlInfo': this instance has no annotations. See c:\users\josh\documents\visual studio 2008\projects\cvgamecoresource\cvgamecoredll_expansion1\cvglobals.h(411).
     1>c:\users\josh\documents\visual studio 2008\projects\cvgamecoresource\cvgamecoredll_expansion1\cvglobals.cpp(2971): warning C28251: Inconsistent annotation for 'getCommandInfo': this instance has no annotations. See c:\users\josh\documents\visual studio 2008\projects\cvgamecoresource\cvgamecoredll_expansion1\cvglobals.h(414).
     1>c:\users\josh\documents\visual studio 2008\projects\cvgamecoresource\cvgamecoredll_expansion1\cvglobals.cpp(2991): warning C28251: Inconsistent annotation for 'getAutomateInfo': this instance has no annotations. See c:\users\josh\documents\visual studio 2008\projects\cvgamecoresource\cvgamecoredll_expansion1\cvglobals.h(418).
     1>c:\users\josh\documents\visual studio 2008\projects\cvgamecoresource\cvgamecoredll_expansion1\cvglobals.cpp(3011): warning C28251: Inconsistent annotation for 'getPromotionInfo': this instance has no annotations. See c:\users\josh\documents\visual studio 2008\projects\cvgamecoresource\cvgamecoredll_expansion1\cvglobals.h(422).
     1>c:\users\josh\documents\visual studio 2008\projects\cvgamecoresource\cvgamecoredll_expansion1\cvglobals.cpp(3036): warning C28251: Inconsistent annotation for 'getSpecialistInfo': this instance has no annotations. See c:\users\josh\documents\visual studio 2008\projects\cvgamecoresource\cvgamecoredll_expansion1\cvglobals.h(427).
     1>c:\users\josh\documents\visual studio 2008\projects\cvgamecoresource\cvgamecoredll_expansion1\cvglobals.cpp(3056): warning C28251: Inconsistent annotation for 'getEconomicAIStrategyInfo': this instance has no annotations. See c:\users\josh\documents\visual studio 2008\projects\cvgamecoresource\cvgamecoredll_expansion1\cvglobals.h(431).
     1>c:\users\josh\documents\visual studio 2008\projects\cvgamecoresource\cvgamecoredll_expansion1\cvglobals.cpp(3081): warning C28251: Inconsistent annotation for 'getCitySpecializationInfo': this instance has no annotations. See c:\users\josh\documents\visual studio 2008\projects\cvgamecoresource\cvgamecoredll_expansion1\cvglobals.h(436).
     1>c:\users\josh\documents\visual studio 2008\projects\cvgamecoresource\cvgamecoredll_expansion1\cvglobals.cpp(3106): warning C28251: Inconsistent annotation for 'getTacticalMoveInfo': this instance has no annotations. See c:\users\josh\documents\visual studio 2008\projects\cvgamecoresource\cvgamecoredll_expansion1\cvglobals.h(441).
     1>c:\users\josh\documents\visual studio 2008\projects\cvgamecoresource\cvgamecoredll_expansion1\cvglobals.cpp(3131): warning C28251: Inconsistent annotation for 'getMilitaryAIStrategyInfo': this instance has no annotations. See c:\users\josh\documents\visual studio 2008\projects\cvgamecoresource\cvgamecoredll_expansion1\cvglobals.h(446).
     1>c:\users\josh\documents\visual studio 2008\projects\cvgamecoresource\cvgamecoredll_expansion1\cvglobals.cpp(3152): warning C28251: Inconsistent annotation for 'getAIGrandStrategyInfo': this instance has no annotations. See c:\users\josh\documents\visual studio 2008\projects\cvgamecoresource\cvgamecoredll_expansion1\cvglobals.h(451).
     1>c:\users\josh\documents\visual studio 2008\projects\cvgamecoresource\cvgamecoredll_expansion1\cvglobals.cpp(3174): warning C28251: Inconsistent annotation for 'getAICityStrategyInfo': this instance has no annotations. See c:\users\josh\documents\visual studio 2008\projects\cvgamecoresource\cvgamecoredll_expansion1\cvglobals.h(456).
     1>c:\users\josh\documents\visual studio 2008\projects\cvgamecoresource\cvgamecoredll_expansion1\cvglobals.cpp(3196): warning C28251: Inconsistent annotation for 'getPolicyInfo': this instance has no annotations. See c:\users\josh\documents\visual studio 2008\projects\cvgamecoresource\cvgamecoredll_expansion1\cvglobals.h(461).
     1>c:\users\josh\documents\visual studio 2008\projects\cvgamecoresource\cvgamecoredll_expansion1\cvglobals.cpp(3218): warning C28251: Inconsistent annotation for 'getPolicyBranchInfo': this instance has no annotations. See c:\users\josh\documents\visual studio 2008\projects\cvgamecoresource\cvgamecoredll_expansion1\cvglobals.h(466).
     1>c:\users\josh\documents\visual studio 2008\projects\cvgamecoresource\cvgamecoredll_expansion1\cvglobals.cpp(3235): warning C28251: Inconsistent annotation for 'getEmphasisInfo': this instance has no annotations. See c:\users\josh\documents\visual studio 2008\projects\cvgamecoresource\cvgamecoredll_expansion1\cvglobals.h(470).
     1>c:\users\josh\documents\visual studio 2008\projects\cvgamecoresource\cvgamecoredll_expansion1\cvglobals.cpp(3257): warning C28251: Inconsistent annotation for 'getTraitInfo': this instance has no annotations. See c:\users\josh\documents\visual studio 2008\projects\cvgamecoresource\cvgamecoredll_expansion1\cvglobals.h(475).
     1>c:\users\josh\documents\visual studio 2008\projects\cvgamecoresource\cvgamecoredll_expansion1\cvglobals.cpp(3279): warning C28251: Inconsistent annotation for 'getReligionInfo': this instance has no annotations. See c:\users\josh\documents\visual studio 2008\projects\cvgamecoresource\cvgamecoredll_expansion1\cvglobals.h(480).
     1>c:\users\josh\documents\visual studio 2008\projects\cvgamecoresource\cvgamecoredll_expansion1\cvglobals.cpp(3301): warning C28251: Inconsistent annotation for 'getBeliefInfo': this instance has no annotations. See c:\users\josh\documents\visual studio 2008\projects\cvgamecoresource\cvgamecoredll_expansion1\cvglobals.h(485).
     1>c:\users\josh\documents\visual studio 2008\projects\cvgamecoresource\cvgamecoredll_expansion1\cvglobals.cpp(3323): warning C28251: Inconsistent annotation for 'getTechInfo': this instance has no annotations. See c:\users\josh\documents\visual studio 2008\projects\cvgamecoresource\cvgamecoredll_expansion1\cvglobals.h(490).
     1>c:\users\josh\documents\visual studio 2008\projects\cvgamecoresource\cvgamecoredll_expansion1\cvglobals.cpp(3362): warning C28251: Inconsistent annotation for 'getHurryInfo': this instance has no annotations. See c:\users\josh\documents\visual studio 2008\projects\cvgamecoresource\cvgamecoredll_expansion1\cvglobals.h(499).
     1>c:\users\josh\documents\visual studio 2008\projects\cvgamecoresource\cvgamecoredll_expansion1\cvglobals.cpp(3379): warning C28251: Inconsistent annotation for 'getVictoryInfo': this instance has no annotations. See c:\users\josh\documents\visual studio 2008\projects\cvgamecoresource\cvgamecoredll_expansion1\cvglobals.h(503).
     1>c:\users\josh\documents\visual studio 2008\projects\cvgamecoresource\cvgamecoredll_expansion1\cvglobals.cpp(3396): warning C28251: Inconsistent annotation for 'getSmallAwardInfo': this instance has no annotations. See c:\users\josh\documents\visual studio 2008\projects\cvgamecoresource\cvgamecoredll_expansion1\cvglobals.h(507).
     1>c:\users\josh\documents\visual studio 2008\projects\cvgamecoresource\cvgamecoredll_expansion1\cvglobals.cpp(3414): warning C28251: Inconsistent annotation for 'getUnitDomainInfo': this instance has no annotations. See c:\users\josh\documents\visual studio 2008\projects\cvgamecoresource\cvgamecoredll_expansion1\cvglobals.h(542).
     1>c:\users\josh\documents\visual studio 2008\projects\cvgamecoresource\cvgamecoredll_expansion1\cvgame.cpp(4436): warning C28251: Inconsistent annotation for 'HasAdvisorMessageBeenSeen': this instance has no annotations. See c:\users\josh\documents\visual studio 2008\projects\cvgamecoresource\cvgamecoredll_expansion1\cvgame.h(189).
     1>c:\users\josh\documents\visual studio 2008\projects\cvgamecoresource\cvgamecoredll_expansion1\cvgame.cpp(4444): warning C28251: Inconsistent annotation for 'SetAdvisorMessageHasBeenSeen': this instance has no annotations. See c:\users\josh\documents\visual studio 2008\projects\cvgamecoresource\cvgamecoredll_expansion1\cvgame.h(190).
     1>c:\users\josh\documents\visual studio 2008\projects\cvgamecoresource\cvgamecoredll_expansion1\cvgame.cpp(9499): warning C6102: Using 'savePath' from failed function call at line '9497'.: Lines: 9365, 9368, 9370, 9371, 9372, 9373, 9374, 9375, 9376, 9377, 9378, 9379, 9380, 9381, 9382, 9383, 9384, 9385, 9386, 9387, 9388, 9389, 9390, 9391, 9392, 9393, 9394, 9395, 9396, 9397, 9398, 9402, 9403, 9405, 9407, 9409, 9410, 9411, 9412, 9413, 9414, 9415, 9417, 9418, 9419, 9420, 9421, 9422, 9423, 9424, 9425, 9426, 9427, 9428, 9430, 9432, 9433, 9434, 9435, 9436, 9437, 9438, 9440, 9442, 9443, 9445, 9446, 9447, 9448, 9449, 9450, 9451, 9452, 9454, 9455, 9457, 9462, 9463, 9464, 9465, 9467, 9468, 9470, 9471, 9472, 9474, 9475, 9480, 9482, 9483, 9485, 9486, 9488, 9489, 9492, 9493, 9496, 9497, 9499
     1>c:\users\josh\documents\visual studio 2008\projects\cvgamecoresource\cvgamecoredll_expansion1\cvmilitaryai.cpp(3462): warning C6011: Dereferencing NULL pointer 'pTarget'. : Lines: 3386, 3388, 3391, 3392, 3401, 3402, 3412, 3414, 3415, 3417, 3421, 3427, 3428, 3430, 3432, 3437, 3442, 3428, 3451, 3452, 3453, 3455, 3457, 3462
         CvNotificationClasses.cpp
         CvNotifications.cpp
     1>c:\users\josh\documents\visual studio 2008\projects\cvgamecoresource\cvgamecoredll_expansion1\cvnotificationclasses.cpp(79): warning C28251: Inconsistent annotation for 'GetEntry': this instance has no annotations. See c:\users\josh\documents\visual studio 2008\projects\cvgamecoresource\cvgamecoredll_expansion1\cvnotificationclasses.h(58).
         CvPlayer.cpp
         CvPlayerAI.cpp
     1>c:\users\josh\documents\visual studio 2008\projects\cvgamecoresource\cvgamecoredll_expansion1\cvminorcivai.cpp(862): warning C6011: Dereferencing NULL pointer 'gGlobals.getUnitInfo(eUnit)'. : Lines: 862, 787, 789, 790, 792, 793, 794, 795, 798, 804, 822, 838, 854, 856, 860, 862
     1>c:\users\josh\documents\visual studio 2008\projects\cvgamecoresource\cvgamecoredll_expansion1\cvminorcivai.cpp(846): warning C6011: Dereferencing NULL pointer 'gGlobals.getBuildingInfo(eWonder)'. : Lines: 846, 787, 789, 790, 792, 793, 794, 795, 798, 804, 822, 838, 840, 844, 846
         CvPlayerManager.cpp
         CvPlot.cpp
     1>CvPlayer.cpp(4982): warning C4189: 'bResult' : local variable is initialized but not referenced
     1>CvPlayer.cpp(5352): warning C4189: 'bResult' : local variable is initialized but not referenced
     1>CvPlayer.cpp(17081): warning C4189: 'bRemoved' : local variable is initialized but not referenced
         CvPolicyAI.cpp
     1>CvPlot.cpp(8371): warning C4189: 'iNumInvisibleInfos' : local variable is initialized but not referenced
         CvPolicyClasses.cpp
     1>c:\users\josh\documents\visual studio 2008\projects\cvgamecoresource\cvgamecoredll_expansion1\cvpolicyclasses.cpp(1641): warning C28251: Inconsistent annotation for 'GetPolicyBranchEntry': this instance has no annotations. See c:\users\josh\documents\visual studio 2008\projects\cvgamecoresource\cvgamecoredll_expansion1\cvpolicyclasses.h(401).
         CvPopupInfoSerialization.cpp
         CvPopupReturn.cpp
     1>c:\users\josh\documents\visual studio 2008\projects\cvgamecoresource\cvgamecoredll_expansion1\cvplot.cpp(6293): warning C6011: Dereferencing NULL pointer 'gGlobals.getRouteInfo(getRouteType())'. : Lines: 6234, 6235, 6237, 6239, 6265, 6271, 6274, 6276, 6278, 6280, 6276, 6278, 6280, 6276, 6288, 6291, 6293
         CvPreGame.cpp
         CvProcessProductionAI.cpp
         CvProjectClasses.cpp
     1>c:\users\josh\documents\visual studio 2008\projects\cvgamecoresource\cvgamecoredll_expansion1\cvprojectclasses.cpp(320): warning C28251: Inconsistent annotation for 'GetEntry': this instance has no annotations. See c:\users\josh\documents\visual studio 2008\projects\cvgamecoresource\cvgamecoredll_expansion1\cvprojectclasses.h(103).
         CvProjectProductionAI.cpp
         CvPromotionClasses.cpp
     1>CvPromotionClasses.cpp(322): warning C4189: 'iNumDomains' : local variable is initialized but not referenced
         CvRandom.cpp
     1>c:\users\josh\documents\visual studio 2008\projects\cvgamecoresource\cvgamecoredll_expansion1\cvpromotionclasses.cpp(1576): warning C28251: Inconsistent annotation for 'GetEntry': this instance has no annotations. See c:\users\josh\documents\visual studio 2008\projects\cvgamecoresource\cvgamecoredll_expansion1\cvpromotionclasses.h(343).
         CvReligionClasses.cpp
         CvReplayInfo.cpp
     1>c:\users\josh\documents\visual studio 2008\projects\cvgamecoresource\cvgamecoredll_expansion1\cvreligionclasses.cpp(339): warning C6011: Dereferencing NULL pointer 'pCity'. See line 307 for an earlier location where this can occur: Lines: 336, 307, 313, 315, 316, 319, 320, 321, 324, 330, 331, 336, 337, 339
     1>c:\users\josh\documents\visual studio 2008\projects\cvgamecoresource\cvgamecoredll_expansion1\cvplayer.cpp(7786): warning C6011: Dereferencing NULL pointer 'gGlobals.getTechInfo((enum TechTypes)gGlobals.getBuildInfo(eBuild)->getTechPrereq())'. : Lines: 7777, 7782, 7784, 7786
     1>c:\users\josh\documents\visual studio 2008\projects\cvgamecoresource\cvgamecoredll_expansion1\cvplayer.cpp(8233): warning C6386: Buffer overrun while writing to 'pabUnitUsed':  the writable size is 'class CvGlobals gGlobals.public: int __thiscall CvGlobals::getNumUnitInfos(void)()*1' bytes, but '2' bytes might be written.: Lines: 8223, 8224, 8225, 8226, 8227, 8229, 8231, 8233, 8231, 8233
     1>c:\users\josh\documents\visual studio 2008\projects\cvgamecoresource\cvgamecoredll_expansion1\cvplayer.cpp(8240): warning C6001: Using uninitialized memory '*pabUnitUsed'.: Lines: 8223, 8224, 8225, 8226, 8227, 8229, 8231, 8236, 8238, 8240
     1>c:\users\josh\documents\visual studio 2008\projects\cvgamecoresource\cvgamecoredll_expansion1\cvplayer.cpp(8240): warning C6001: Using uninitialized memory '*pabUnitUsed'.: Lines: 8223, 8224, 8225, 8226, 8227, 8229, 8231, 8236, 8238, 8240
     1>c:\users\josh\documents\visual studio 2008\projects\cvgamecoresource\cvgamecoredll_expansion1\cvplayer.cpp(8240): warning C6001: Using uninitialized memory '*pabUnitUsed'.: Lines: 8223, 8224, 8225, 8226, 8227, 8229, 8231, 8236, 8238, 8240
     1>c:\users\josh\documents\visual studio 2008\projects\cvgamecoresource\cvgamecoredll_expansion1\cvplayer.cpp(8240): warning C6001: Using uninitialized memory '*pabUnitUsed'.: Lines: 8223, 8224, 8225, 8226, 8227, 8229, 8231, 8236, 8238, 8240
     1>c:\users\josh\documents\visual studio 2008\projects\cvgamecoresource\cvgamecoredll_expansion1\cvplayer.cpp(8240): warning C6001: Using uninitialized memory '*pabUnitUsed'.: Lines: 8223, 8224, 8225, 8226, 8227, 8229, 8231, 8236, 8238, 8240
     1>c:\users\josh\documents\visual studio 2008\projects\cvgamecoresource\cvgamecoredll_expansion1\cvplayer.cpp(8240): warning C6001: Using uninitialized memory '*pabUnitUsed'.: Lines: 8223, 8224, 8225, 8226, 8227, 8229, 8231, 8236, 8238, 8240
     1>c:\users\josh\documents\visual studio 2008\projects\cvgamecoresource\cvgamecoredll_expansion1\cvplayer.cpp(8240): warning C6001: Using uninitialized memory '*pabUnitUsed'.: Lines: 8223, 8224, 8225, 8226, 8227, 8229, 8231, 8236, 8238, 8240
     1>c:\users\josh\documents\visual studio 2008\projects\cvgamecoresource\cvgamecoredll_expansion1\cvplayer.cpp(8240): warning C6001: Using uninitialized memory '*pabUnitUsed'.: Lines: 8223, 8224, 8225, 8226, 8227, 8229, 8231, 8236, 8238, 8240
     1>c:\users\josh\documents\visual studio 2008\projects\cvgamecoresource\cvgamecoredll_expansion1\cvplayer.cpp(8240): warning C6001: Using uninitialized memory '*pabUnitUsed'.: Lines: 8223, 8224, 8225, 8226, 8227, 8229, 8231, 8236, 8238, 8240
     1>c:\users\josh\documents\visual studio 2008\projects\cvgamecoresource\cvgamecoredll_expansion1\cvplayer.cpp(8240): warning C6001: Using uninitialized memory '*pabUnitUsed'.: Lines: 8223, 8224, 8225, 8226, 8227, 8229, 8231, 8236, 8238, 8240
     1>c:\users\josh\documents\visual studio 2008\projects\cvgamecoresource\cvgamecoredll_expansion1\cvplayer.cpp(8240): warning C6001: Using uninitialized memory '*pabUnitUsed'.: Lines: 8223, 8224, 8225, 8226, 8227, 8229, 8231, 8236, 8238, 8240
     1>c:\users\josh\documents\visual studio 2008\projects\cvgamecoresource\cvgamecoredll_expansion1\cvplayer.cpp(8240): warning C6001: Using uninitialized memory '*pabUnitUsed'.: Lines: 8223, 8224, 8225, 8226, 8227, 8229, 8231, 8236, 8238, 8240
     1>c:\users\josh\documents\visual studio 2008\projects\cvgamecoresource\cvgamecoredll_expansion1\cvreligionclasses.cpp(3057): warning C28182: Dereferencing NULL pointer. 'it' contains the same NULL value as 'itLargestRemainder' did. : Lines: 3005, 3006, 3007, 3010, 3017, 3018, 3019, 3025, 3027, 3029, 3030, 3031, 3032, 3033, 3034, 3036, 3039, 3042, 3050, 3052, 3053, 3055, 3057, 3059, 3060, 3055, 3064, 3050, 3052, 3053, 3055, 3057
     1>c:\users\josh\documents\visual studio 2008\projects\cvgamecoresource\cvgamecoredll_expansion1\cvreligionclasses.cpp(3121): warning C28182: Dereferencing NULL pointer. 'it' contains the same NULL value as 'itLargestRemainder' did. : Lines: 3085, 3086, 3089, 3090, 3091, 3093, 3091, 3097, 3103, 3106, 3114, 3116, 3117, 3119, 3121, 3123, 3124, 3119, 3128, 3114, 3116, 3117, 3119, 3121
     1>c:\users\josh\documents\visual studio 2008\projects\cvgamecoresource\cvgamecoredll_expansion1\cvplayer.cpp(11492): warning C6011: Dereferencing NULL pointer 'pHalicarnassusInfo'. : Lines: 11477, 11478, 11480, 11482, 11485, 11486, 11488, 11490, 11491, 11492
     1>c:\users\josh\documents\visual studio 2008\projects\cvgamecoresource\cvgamecoredll_expansion1\cvreligionclasses.cpp(4331): warning C6011: Dereferencing NULL pointer 'gGlobals.getUnitInfo(eGPType)'. : Lines: 4242, 4244, 4245, 4246, 4247, 4249, 4250, 4256, 4288, 4289, 4301, 4312, 4323, 4325, 4326, 4328, 4330, 4331
     1>c:\users\josh\documents\visual studio 2008\projects\cvgamecoresource\cvgamecoredll_expansion1\cvreligionclasses.cpp(5100): warning C6011: Dereferencing NULL pointer 'gGlobals.getUnitInfo(eMissionary)'. : Lines: 5100, 5096, 5097, 5098, 5099, 5100
         CvReplayMessage.cpp
         CvSiteEvaluationClasses.cpp
         CvStartPositioner.cpp
         cvStopWatch.cpp
         CvStructs.cpp
     1>CvStructs.cpp(151): warning C4100: 'unitType' : unreferenced formal parameter
         CvTacticalAI.cpp
         CvTacticalAnalysisMap.cpp
         CvTeam.cpp
         CvTechAI.cpp
         CvTechClasses.cpp
     1>c:\users\josh\documents\visual studio 2008\projects\cvgamecoresource\cvgamecoredll_expansion1\cvtacticalai.cpp(2139): warning C6011: Dereferencing NULL pointer 'gGlobals.getUnitInfo(pDefender.->()->getUnitType())'. : Lines: 2057, 2058, 2061, 2062, 2064, 2065, 2068, 2069, 2070, 2072, 2073, 2074, 2076, 2077, 2078, 2079, 2081, 2132, 2163, 2062, 2064, 2065, 2068, 2069, 2070, 2072, 2073, 2074, 2076, 2077, 2078, 2079, 2081, 2132, 2135, 2137, 2138, 2139
     1>c:\users\josh\documents\visual studio 2008\projects\cvgamecoresource\cvgamecoredll_expansion1\cvtacticalai.cpp(3498): warning C6011: Dereferencing NULL pointer 'gGlobals.getUnitInfo(pEscort.->()->getUnitType())'. : Lines: 3418, 3419, 3420, 3421, 3422, 3423, 3426, 3430, 3431, 3432, 3437, 3443, 3446, 3447, 3454, 3480, 3482, 3483, 3486, 3488, 3490, 3492, 3493, 3494, 3496, 3497, 3498
     1>c:\users\josh\documents\visual studio 2008\projects\cvgamecoresource\cvgamecoredll_expansion1\cvtacticalai.cpp(3501): warning C6011: Dereferencing NULL pointer 'gGlobals.getUnitInfo(pCivilian.->()->getUnitType())'. : Lines: 3418, 3419, 3420, 3421, 3422, 3423, 3426, 3430, 3431, 3432, 3437, 3443, 3446, 3447, 3454, 3480, 3482, 3483, 3486, 3488, 3490, 3492, 3493, 3494, 3496, 3497, 3498, 3499, 3500, 3501
     1>c:\users\josh\documents\visual studio 2008\projects\cvgamecoresource\cvgamecoredll_expansion1\cvtacticalai.cpp(6371): warning C6011: Dereferencing NULL pointer 'pCurrent'. : Lines: 6346, 6347, 6348, 6349, 6350, 6351, 6352, 6354, 6356, 6357, 6359, 6360, 6363, 6364, 6371
         CvTraitClasses.cpp
     1>c:\users\josh\documents\visual studio 2008\projects\cvgamecoresource\cvgamecoredll_expansion1\cvteam.cpp(4826): warning C6011: Dereferencing NULL pointer 'gGlobals.getSmallAwardInfo(eAward)'. : Lines: 4784, 4789, 4790, 4792, 4793, 4795, 4797, 4798, 4799, 4801, 4803, 4804, 4805, 4807, 4808, 4809, 4811, 4814, 4815, 4817, 4819, 4821, 4823, 4817, 4819, 4821, 4823, 4825, 4826
     1>c:\users\josh\documents\visual studio 2008\projects\cvgamecoresource\cvgamecoredll_expansion1\cvtechclasses.cpp(526): warning C28251: Inconsistent annotation for 'GetEntry': this instance has no annotations. See c:\users\josh\documents\visual studio 2008\projects\cvgamecoresource\cvgamecoredll_expansion1\cvtechclasses.h(169).
         CvTreasury.cpp
     1>c:\users\josh\documents\visual studio 2008\projects\cvgamecoresource\cvgamecoredll_expansion1\cvinfosserializationhelper.h(495): warning C6011: Dereferencing NULL pointer 'pvBuffer'. : Lines: 486, 487, 489, 490, 492, 493, 498, 490, 492, 493, 495
                 CvTechClasses.cpp(1748) : see reference to function template instantiation 'bool CvInfosSerializationHelper::ReadAndRemapDataArray<bool>(FDataStream &,int,TType *,int,const int *)' being compiled
                 with
                 [
                     TType=bool
                 ]
     1>c:\users\josh\documents\visual studio 2008\projects\cvgamecoresource\cvgamecoredll_expansion1\cvinfosserializationhelper.h(495): warning C6011: Dereferencing NULL pointer 'pvBuffer'. : Lines: 486, 487, 489, 490, 492, 493, 498, 490, 492, 493, 495
                 CvTechClasses.cpp(1750) : see reference to function template instantiation 'bool CvInfosSerializationHelper::ReadAndRemapDataArray<int>(FDataStream &,int,TType *,int,const int *)' being compiled
                 with
                 [
                     TType=int
                 ]
         CvTypes.cpp
         CvUnit.cpp
         CvUnitClasses.cpp
     1>c:\users\josh\documents\visual studio 2008\projects\cvgamecoresource\cvgamecoredll_expansion1\cvunitclasses.cpp(332): warning C6385: Reading invalid data from 'm_paszUnitNames':  the readable size is '((unsigned int)=m_iNumUnitNames*1)*24+4' bytes, but '48' bytes may be read.: Lines: 136, 140, 141, 142, 143, 144, 145, 146, 147, 148, 149, 150, 151, 152, 153, 154, 155, 156, 157, 158, 159, 160, 161, 162, 163, 164, 165, 166, 167, 168, 169, 170, 171, 172, 173, 174, 175, 176, 177, 178, 179, 180, 181, 182, 183, 184, 185, 186, 187, 188, 189, 190, 191, 192, 193, 194, 195, 196, 198, 199, 200, 203, 204, 205, 207, 208, 210, 211, 213, 214, 216, 217, 219, 220, 222, 223, 225, 226, 228, 229, 231, 232, 234, 235, 237, 238, 240, 241, 243, 244, 246, 247, 249, 250, 253, 255, 257, 259, 260, 261, 262, 264, 266, 267, 269, 270, 271, 272, 277, 279, 280, 281, 286, 288, 289, 294, 299, 300, 301, 306, 308, 309, 311, 316, 318, 320, 321, 322, 327, 329, 330, 332, 330, 332
     1>c:\users\josh\documents\visual studio 2008\projects\cvgamecoresource\cvgamecoredll_expansion1\cvunitclasses.cpp(1308): warning C28251: Inconsistent annotation for 'GetEntry': this instance has no annotations. See c:\users\josh\documents\visual studio 2008\projects\cvgamecoresource\cvgamecoredll_expansion1\cvunitclasses.h(287).
         CvUnitCombat.cpp
         CvUnitCycler.cpp
     1>c:\users\josh\documents\visual studio 2008\projects\cvgamecoresource\cvgamecoredll_expansion1\cvunitcycler.cpp(204): warning C6011: Dereferencing NULL pointer 'pUnitNode'. : Lines: 149, 150, 151, 153, 158, 160, 181, 198, 200, 202, 204, 207, 223, 239, 241, 243, 245, 252, 202, 204
         CvUnitMission.cpp
         CvUnitMovement.cpp
         CvUnitProductionAI.cpp
     1>c:\users\josh\documents\visual studio 2008\projects\cvgamecoresource\cvgamecoredll_expansion1\cvunitcombat.cpp(1950): warning C6011: Dereferencing NULL pointer 'pkTargetPlot'. : Lines: 1909, 1910, 1913, 1944, 1946, 1948, 1950, 1952, 1955, 1957, 1959, 1961, 1978, 1948, 1946, 1948, 1950
     1>c:\users\josh\documents\visual studio 2008\projects\cvgamecoresource\cvgamecoredll_expansion1\cvunitcombat.cpp(2044): warning C6011: Dereferencing NULL pointer 'pkAttacker'. : Lines: 1909, 1910, 1913, 1915, 1916, 1913, 1944, 1946, 1994, 1996, 1997, 1999, 2000, 2002, 2004, 2005, 2007, 2019, 2021, 2029, 2030, 2031, 2034, 2036, 2037, 2039, 2042, 2044
         CvWonderProductionAI.cpp
         CvWorldBuilderMapLoader.cpp
         CvLuaArea.cpp
         CvLuaArgsHandle.cpp
         CvLuaCity.cpp
         CvLuaDeal.cpp
         CvLuaEnums.cpp
     1>c:\users\josh\documents\visual studio 2008\projects\cvgamecoresource\cvgamecoredll_expansion1\lua\cvluaenums.cpp(994): warning C28251: Inconsistent annotation for 'RegisterDynamicEnums': this instance has no annotations. See c:\users\josh\documents\visual studio 2008\projects\cvgamecoresource\cvgamecoredll_expansion1\lua\cvluaenums.h(35).
     1>c:\users\josh\documents\visual studio 2008\projects\cvgamecoresource\cvgamecoredll_expansion1\cvworldbuildermaploader.cpp(180): warning C28251: Inconsistent annotation for 'Preload': this instance has no annotations. See c:\users\josh\documents\visual studio 2008\projects\cvgamecoresource\cvgamecoredll_expansion1\cvworldbuildermaploader.h(22).
         CvLuaFractal.cpp
     1>c:\users\josh\documents\visual studio 2008\projects\cvgamecoresource\cvgamecoredll_expansion1\cvworldbuildermaploader.cpp(1277): warning C28251: Inconsistent annotation for 'Load': this instance has no annotations. See c:\users\josh\documents\visual studio 2008\projects\cvgamecoresource\cvgamecoredll_expansion1\cvworldbuildermaploader.h(29).
     1>c:\users\josh\documents\visual studio 2008\projects\cvgamecoresource\cvgamecoredll_expansion1\cvworldbuildermaploader.cpp(1284): warning C28251: Inconsistent annotation for 'Save': this instance has no annotations. See c:\users\josh\documents\visual studio 2008\projects\cvgamecoresource\cvgamecoredll_expansion1\cvworldbuildermaploader.h(32).
     1>c:\users\josh\documents\visual studio 2008\projects\cvgamecoresource\cvgamecoredll_expansion1\cvworldbuildermaploader.cpp(1894): warning C28251: Inconsistent annotation for 'PreviewPlayableCivCount': this instance has no annotations. See c:\users\josh\documents\visual studio 2008\projects\cvgamecoresource\cvgamecoredll_expansion1\cvworldbuildermaploader.h(52).
     1>c:\users\josh\documents\visual studio 2008\projects\cvgamecoresource\cvgamecoredll_expansion1\cvunit.cpp(1525): warning C6011: Dereferencing NULL pointer 'gGlobals.getUnitInfo(kCaptureDef.eCaptureUnitType)'. : Lines: 1408, 1410, 1412, 1413, 1415, 1416, 1418, 1420, 1422, 1423, 1424, 1426, 1428, 1435, 1447, 1448, 1450, 1453, 1462, 1510, 1512, 1513, 1517, 1519, 1520, 1525
         CvLuaGame.cpp
         CvLuaGameInfo.cpp
         CvLuaMap.cpp
         CvLuaPlayer.cpp
         CvLuaPlot.cpp
     1>Lua\CvLuaPlayer.cpp(4320): error C2665: 'CvLuaMethodWrapper<Derived,InstanceType>::BasicLuaMethod' : none of the 4 overloads could convert all the argument types
                 with
                 [
                     Derived=CvLuaPlayer
         ,            InstanceType=CvPlayerAI
                 ]
                 C:\Users\josh\Documents\Visual Studio 2008\Projects\CvGameCoreSource\CvGameCoreDLLUtil\include\CvLuaMethodWrapper.h(50): could be 'int CvLuaMethodWrapper<Derived,InstanceType>::BasicLuaMethod(lua_State *,void (__thiscall CvPlayerAI::* )(void))'
                 with
                 [
                     Derived=CvLuaPlayer
         ,            InstanceType=CvPlayerAI
                 ]
                 C:\Users\josh\Documents\Visual Studio 2008\Projects\CvGameCoreSource\CvGameCoreDLLUtil\include\CvLuaMethodWrapper.h(39): or       'int CvLuaMethodWrapper<Derived,InstanceType>::BasicLuaMethod(lua_State *,void (__thiscall CvPlayerAI::* )(void) const)'
                 with
                 [
                     Derived=CvLuaPlayer
         ,            InstanceType=CvPlayerAI
                 ]
                 C:\Users\josh\Documents\Visual Studio 2008\Projects\CvGameCoreSource\CvGameCoreDLLUtil\include\CvLuaMethodWrapper.h(120): or       'int CvLuaMethodWrapper<Derived,InstanceType>::BasicLuaMethod<TeamTypes>(lua_State *,ret (__thiscall CvPlayerAI::* )(void))'
                 with
                 [
                     Derived=CvLuaPlayer
         ,            InstanceType=CvPlayerAI
         ,            ret=TeamTypes
                 ]
                 C:\Users\josh\Documents\Visual Studio 2008\Projects\CvGameCoreSource\CvGameCoreDLLUtil\include\CvLuaMethodWrapper.h(68): or       'int CvLuaMethodWrapper<Derived,InstanceType>::BasicLuaMethod<TeamTypes>(lua_State *,ret (__thiscall CvPlayerAI::* )(void) const)'
                 with
                 [
                     Derived=CvLuaPlayer
         ,            InstanceType=CvPlayerAI
         ,            ret=TeamTypes
                 ]
                 while trying to match the argument list '(lua_State *, overloaded-function)'
         CvLuaSupport.cpp
     1>c:\users\josh\documents\visual studio 2008\projects\cvgamecoresource\cvgamecoredll_expansion1\lua\cvluasupport.cpp(72): warning C28251: Inconsistent annotation for 'CallHook': this instance has no annotations. See c:\users\josh\documents\visual studio 2008\projects\cvgamecoresource\cvgamecoredll_expansion1\lua\cvluasupport.h(44).
     1>c:\users\josh\documents\visual studio 2008\projects\cvgamecoresource\cvgamecoredll_expansion1\lua\cvluasupport.cpp(85): warning C28251: Inconsistent annotation for 'CallTestAll': this instance has no annotations. See c:\users\josh\documents\visual studio 2008\projects\cvgamecoresource\cvgamecoredll_expansion1\lua\cvluasupport.h(45).
     1>c:\users\josh\documents\visual studio 2008\projects\cvgamecoresource\cvgamecoredll_expansion1\lua\cvluasupport.cpp(98): warning C28251: Inconsistent annotation for 'CallTestAny': this instance has no annotations. See c:\users\josh\documents\visual studio 2008\projects\cvgamecoresource\cvgamecoredll_expansion1\lua\cvluasupport.h(46).
         CvLuaTeam.cpp
     1>c:\users\josh\documents\visual studio 2008\projects\cvgamecoresource\cvgamecoredll_expansion1\cvunit.cpp(18558): warning C6011: Dereferencing NULL pointer 'gGlobals.getPromotionInfo(eBestPromotion)'. : Lines: 18516, 18517, 18518, 18519, 18521, 18522, 18524, 18526, 18528, 18530, 18531, 18542, 18544, 18545, 18524, 18550, 18552, 18553, 18555, 18557, 18558
         CvLuaTeamTech.cpp
         CvLuaUnit.cpp
         CvDllBuildInfo.cpp
         CvDllBuildingInfo.cpp
         CvDllCity.cpp
     1>c:\users\josh\documents\visual studio 2008\projects\cvgamecoresource\cvgamecoredll_expansion1\cvdllbuildinfo.cpp(12): warning C28251: Inconsistent annotation for '{ctor}': this instance has no annotations. See c:\users\josh\documents\visual studio 2008\projects\cvgamecoresource\cvgamecoredll_expansion1\cvdllbuildinfo.h(16).
         CvDllCivilizationInfo.cpp
     1>c:\users\josh\documents\visual studio 2008\projects\cvgamecoresource\cvgamecoredll_expansion1\cvdllbuildinginfo.cpp(12): warning C28251: Inconsistent annotation for '{ctor}': this instance has no annotations. See c:\users\josh\documents\visual studio 2008\projects\cvgamecoresource\cvgamecoredll_expansion1\cvdllbuildinginfo.h(17).
         CvDllColorInfo.cpp
     1>c:\users\josh\documents\visual studio 2008\projects\cvgamecoresource\cvgamecoredll_expansion1\cvdllcity.cpp(14): warning C28251: Inconsistent annotation for '{ctor}': this instance has no annotations. See c:\users\josh\documents\visual studio 2008\projects\cvgamecoresource\cvgamecoredll_expansion1\cvdllcity.h(14).
         CvDllCombatInfo.cpp
     1>c:\users\josh\documents\visual studio 2008\projects\cvgamecoresource\cvgamecoredll_expansion1\cvdllcivilizationinfo.cpp(12): warning C28251: Inconsistent annotation for '{ctor}': this instance has no annotations. See c:\users\josh\documents\visual studio 2008\projects\cvgamecoresource\cvgamecoredll_expansion1\cvdllcivilizationinfo.h(16).
         CvDllContext.cpp
     1>c:\users\josh\documents\visual studio 2008\projects\cvgamecoresource\cvgamecoredll_expansion1\cvdllcolorinfo.cpp(12): warning C28251: Inconsistent annotation for '{ctor}': this instance has no annotations. See c:\users\josh\documents\visual studio 2008\projects\cvgamecoresource\cvgamecoredll_expansion1\cvdllcolorinfo.h(16).
         CvDllDatabaseUtility.cpp
         CvDllDeal.cpp
     1>c:\users\josh\documents\visual studio 2008\projects\cvgamecoresource\cvgamecoredll_expansion1\cvdllcombatinfo.cpp(15): warning C28251: Inconsistent annotation for '{ctor}': this instance has no annotations. See c:\users\josh\documents\visual studio 2008\projects\cvgamecoresource\cvgamecoredll_expansion1\cvdllcombatinfo.h(14).
     1>c:\users\josh\documents\visual studio 2008\projects\cvgamecoresource\cvgamecoredll_expansion1\cvdlldeal.cpp(13): warning C28251: Inconsistent annotation for '{ctor}': this instance has no annotations. See c:\users\josh\documents\visual studio 2008\projects\cvgamecoresource\cvgamecoredll_expansion1\cvdlldeal.h(14).
         CvDllDealAI.cpp
         CvDllDiplomacyAI.cpp
     1>c:\users\josh\documents\visual studio 2008\projects\cvgamecoresource\cvgamecoredll_expansion1\cvdlldealai.cpp(16): warning C28251: Inconsistent annotation for '{ctor}': this instance has no annotations. See c:\users\josh\documents\visual studio 2008\projects\cvgamecoresource\cvgamecoredll_expansion1\cvdlldealai.h(14).
         CvDllDlcPackageInfo.cpp
     1>c:\users\josh\documents\visual studio 2008\projects\cvgamecoresource\cvgamecoredll_expansion1\cvdlldiplomacyai.cpp(14): warning C28251: Inconsistent annotation for '{ctor}': this instance has no annotations. See c:\users\josh\documents\visual studio 2008\projects\cvgamecoresource\cvgamecoredll_expansion1\cvdlldiplomacyai.h(17).
         CvDllEraInfo.cpp
     1>c:\users\josh\documents\visual studio 2008\projects\cvgamecoresource\cvgamecoredll_expansion1\cvdllerainfo.cpp(12): warning C28251: Inconsistent annotation for '{ctor}': this instance has no annotations. See c:\users\josh\documents\visual studio 2008\projects\cvgamecoresource\cvgamecoredll_expansion1\cvdllerainfo.h(15).
         CvDllFeatureInfo.cpp
         CvDllGame.cpp
     1>c:\users\josh\documents\visual studio 2008\projects\cvgamecoresource\cvgamecoredll_expansion1\cvdllcontext.cpp(173): warning C28251: Inconsistent annotation for 'Allocate': this instance has no annotations. See c:\users\josh\documents\visual studio 2008\projects\cvgamecoresource\cvgamecoredll_expansion1\cvdllcontext.h(33).
     1>c:\users\josh\documents\visual studio 2008\projects\cvgamecoresource\cvgamecoredll_expansion1\cvdllcontext.cpp(178): warning C28251: Inconsistent annotation for 'Free': this instance has no annotations. See c:\users\josh\documents\visual studio 2008\projects\cvgamecoresource\cvgamecoredll_expansion1\cvdllcontext.h(34).
     1>c:\users\josh\documents\visual studio 2008\projects\cvgamecoresource\cvgamecoredll_expansion1\cvdllcontext.cpp(397): warning C6387: 'pkEntry' could be '0':  this does not adhere to the specification for the function 'CvDllBuildingInfo::{ctor}'. : Lines: 396, 397
     1>c:\users\josh\documents\visual studio 2008\projects\cvgamecoresource\cvgamecoredll_expansion1\cvdllcontext.cpp(403): warning C6387: 'pkInfo' could be '0':  this does not adhere to the specification for the function 'CvDllCivilizationInfo::{ctor}'. : Lines: 402, 403
     1>c:\users\josh\documents\visual studio 2008\projects\cvgamecoresource\cvgamecoredll_expansion1\cvdllcontext.cpp(409): warning C6387: 'pkInfo' could be '0':  this does not adhere to the specification for the function 'CvDllColorInfo::{ctor}'. : Lines: 408, 409
     1>c:\users\josh\documents\visual studio 2008\projects\cvgamecoresource\cvgamecoredll_expansion1\cvdllcontext.cpp(427): warning C6387: 'pkInfo' could be '0':  this does not adhere to the specification for the function 'CvDllGameOptionInfo::{ctor}'. : Lines: 426, 427
     1>c:\users\josh\documents\visual studio 2008\projects\cvgamecoresource\cvgamecoredll_expansion1\cvdllcontext.cpp(433): warning C6387: 'pkInfo' could be '0':  this does not adhere to the specification for the function 'CvDllGameSpeedInfo::{ctor}'. : Lines: 432, 433
     1>c:\users\josh\documents\visual studio 2008\projects\cvgamecoresource\cvgamecoredll_expansion1\cvdllcontext.cpp(439): warning C6387: 'pkInfo' could be '0':  this does not adhere to the specification for the function 'CvDllHandicapInfo::{ctor}'. : Lines: 438, 439
     1>c:\users\josh\documents\visual studio 2008\projects\cvgamecoresource\cvgamecoredll_expansion1\cvdllcontext.cpp(457): warning C6387: 'pkInfo' could be '0':  this does not adhere to the specification for the function 'CvDllLeaderHeadInfo::{ctor}'. : Lines: 456, 457
     1>c:\users\josh\documents\visual studio 2008\projects\cvgamecoresource\cvgamecoredll_expansion1\cvdllcontext.cpp(469): warning C6387: 'pkInfo' could be '0':  this does not adhere to the specification for the function 'CvDllMissionInfo::{ctor}'. : Lines: 468, 469
     1>c:\users\josh\documents\visual studio 2008\projects\cvgamecoresource\cvgamecoredll_expansion1\cvdllcontext.cpp(475): warning C6387: 'pkInfo' could be '0':  this does not adhere to the specification for the function 'CvDllPlayerColorInfo::{ctor}'. : Lines: 474, 475
     1>c:\users\josh\documents\visual studio 2008\projects\cvgamecoresource\cvgamecoredll_expansion1\cvdllcontext.cpp(481): warning C6387: 'pkInfo' could be '0':  this does not adhere to the specification for the function 'CvDllPlayerOptionInfo::{ctor}'. : Lines: 480, 481
     1>c:\users\josh\documents\visual studio 2008\projects\cvgamecoresource\cvgamecoredll_expansion1\cvdllcontext.cpp(487): warning C6387: 'pkInfo' could be '0':  this does not adhere to the specification for the function 'CvDllPolicyInfo::{ctor}'. : Lines: 486, 487
     1>c:\users\josh\documents\visual studio 2008\projects\cvgamecoresource\cvgamecoredll_expansion1\cvdllcontext.cpp(493): warning C6387: 'pkInfo' could be '0':  this does not adhere to the specification for the function 'CvDllPromotionInfo::{ctor}'. : Lines: 492, 493
     1>c:\users\josh\documents\visual studio 2008\projects\cvgamecoresource\cvgamecoredll_expansion1\cvdllcontext.cpp(505): warning C6387: 'pkEntry' could be '0':  this does not adhere to the specification for the function 'CvDllTechInfo::{ctor}'. : Lines: 504, 505
     1>c:\users\josh\documents\visual studio 2008\projects\cvgamecoresource\cvgamecoredll_expansion1\cvdllfeatureinfo.cpp(12): warning C28251: Inconsistent annotation for '{ctor}': this instance has no annotations. See c:\users\josh\documents\visual studio 2008\projects\cvgamecoresource\cvgamecoredll_expansion1\cvdllfeatureinfo.h(16).
     1>c:\users\josh\documents\visual studio 2008\projects\cvgamecoresource\cvgamecoredll_expansion1\cvdllcontext.cpp(517): warning C6387: 'pkEntry' could be '0':  this does not adhere to the specification for the function 'CvDllUnitInfo::{ctor}'. : Lines: 516, 517
     1>c:\users\josh\documents\visual studio 2008\projects\cvgamecoresource\cvgamecoredll_expansion1\cvdllcontext.cpp(523): warning C6387: 'pkEntry' could be '0':  this does not adhere to the specification for the function 'CvDllUnitCombatClassInfo::{ctor}'. : Lines: 522, 523
     1>c:\users\josh\documents\visual studio 2008\projects\cvgamecoresource\cvgamecoredll_expansion1\cvdllcontext.cpp(529): warning C6387: 'pkEntry' could be '0':  this does not adhere to the specification for the function 'CvDllVictoryInfo::{ctor}'. : Lines: 528, 529
         CvDllGameAsynch.cpp
         CvDllGameDeals.cpp
         CvDllGameOptionInfo.cpp
     1>c:\users\josh\documents\visual studio 2008\projects\cvgamecoresource\cvgamecoredll_expansion1\cvdllgamedeals.cpp(14): warning C28251: Inconsistent annotation for '{ctor}': this instance has no annotations. See c:\users\josh\documents\visual studio 2008\projects\cvgamecoresource\cvgamecoredll_expansion1\cvdllgamedeals.h(14).
         CvDllGameSpeedInfo.cpp
         CvDllHandicapInfo.cpp
     1>c:\users\josh\documents\visual studio 2008\projects\cvgamecoresource\cvgamecoredll_expansion1\cvdllgameoptioninfo.cpp(12): warning C28251: Inconsistent annotation for '{ctor}': this instance has no annotations. See c:\users\josh\documents\visual studio 2008\projects\cvgamecoresource\cvgamecoredll_expansion1\cvdllgameoptioninfo.h(16).
         CvDllImprovementInfo.cpp
     1>c:\users\josh\documents\visual studio 2008\projects\cvgamecoresource\cvgamecoredll_expansion1\cvdllgamespeedinfo.cpp(12): warning C28251: Inconsistent annotation for '{ctor}': this instance has no annotations. See c:\users\josh\documents\visual studio 2008\projects\cvgamecoresource\cvgamecoredll_expansion1\cvdllgamespeedinfo.h(16).
         CvDllInterfaceModeInfo.cpp
     1>c:\users\josh\documents\visual studio 2008\projects\cvgamecoresource\cvgamecoredll_expansion1\cvdllhandicapinfo.cpp(12): warning C28251: Inconsistent annotation for '{ctor}': this instance has no annotations. See c:\users\josh\documents\visual studio 2008\projects\cvgamecoresource\cvgamecoredll_expansion1\cvdllhandicapinfo.h(16).
         CvDllLeaderheadInfo.cpp
     1>c:\users\josh\documents\visual studio 2008\projects\cvgamecoresource\cvgamecoredll_expansion1\cvdllimprovementinfo.cpp(12): warning C28251: Inconsistent annotation for '{ctor}': this instance has no annotations. See c:\users\josh\documents\visual studio 2008\projects\cvgamecoresource\cvgamecoredll_expansion1\cvdllimprovementinfo.h(15).
         CvDllMap.cpp
     1>c:\users\josh\documents\visual studio 2008\projects\cvgamecoresource\cvgamecoredll_expansion1\cvdllinterfacemodeinfo.cpp(12): warning C28251: Inconsistent annotation for '{ctor}': this instance has no annotations. See c:\users\josh\documents\visual studio 2008\projects\cvgamecoresource\cvgamecoredll_expansion1\cvdllinterfacemodeinfo.h(16).
         CvDllMinorCivInfo.cpp
     1>c:\users\josh\documents\visual studio 2008\projects\cvgamecoresource\cvgamecoredll_expansion1\cvdllleaderheadinfo.cpp(12): warning C28251: Inconsistent annotation for '{ctor}': this instance has no annotations. See c:\users\josh\documents\visual studio 2008\projects\cvgamecoresource\cvgamecoredll_expansion1\cvdllleaderheadinfo.h(16).
         CvDllMissionData.cpp
     1>c:\users\josh\documents\visual studio 2008\projects\cvgamecoresource\cvgamecoredll_expansion1\cvdllmap.cpp(15): warning C28251: Inconsistent annotation for '{ctor}': this instance has no annotations. See c:\users\josh\documents\visual studio 2008\projects\cvgamecoresource\cvgamecoredll_expansion1\cvdllmap.h(14).
     1>c:\users\josh\documents\visual studio 2008\projects\cvgamecoresource\cvgamecoredll_expansion1\cvdllminorcivinfo.cpp(14): warning C28251: Inconsistent annotation for '{ctor}': this instance has no annotations. See c:\users\josh\documents\visual studio 2008\projects\cvgamecoresource\cvgamecoredll_expansion1\cvdllminorcivinfo.h(16).
         CvDllMissionInfo.cpp
         CvDllNetInitInfo.cpp
     1>c:\users\josh\documents\visual studio 2008\projects\cvgamecoresource\cvgamecoredll_expansion1\cvdllmissiondata.cpp(12): warning C28251: Inconsistent annotation for '{ctor}': this instance has no annotations. See c:\users\josh\documents\visual studio 2008\projects\cvgamecoresource\cvgamecoredll_expansion1\cvdllmissiondata.h(16).
         CvDllNetLoadGameInfo.cpp
     1>c:\users\josh\documents\visual studio 2008\projects\cvgamecoresource\cvgamecoredll_expansion1\cvdllmissioninfo.cpp(12): warning C28251: Inconsistent annotation for '{ctor}': this instance has no annotations. See c:\users\josh\documents\visual studio 2008\projects\cvgamecoresource\cvgamecoredll_expansion1\cvdllmissioninfo.h(16).
         CvDllNetMessageHandler.cpp
     1>c:\users\josh\documents\visual studio 2008\projects\cvgamecoresource\cvgamecoredll_expansion1\cvdllnetinitinfo.cpp(110): warning C6340: Mismatch on sign: 'unsigned int' passed as _Param_(16) when some signed type is required in call to 'sprintf'.
     1>c:\users\josh\documents\visual studio 2008\projects\cvgamecoresource\cvgamecoredll_expansion1\cvdllnetinitinfo.cpp(110): warning C6340: Mismatch on sign: 'unsigned int' passed as _Param_(17) when some signed type is required in call to 'sprintf'.
         CvDllNetworkSyncronization.cpp
         CvDllPathFinderUpdate.cpp
         CvDllPlayer.cpp
     1>c:\users\josh\documents\visual studio 2008\projects\cvgamecoresource\cvgamecoredll_expansion1\cvdllnetmessagehandler.cpp(241): warning C6011: Dereferencing NULL pointer 'gGlobals.getCommandInfo(eCommand)'. : Lines: 236, 237, 239, 241
     1>c:\users\josh\documents\visual studio 2008\projects\cvgamecoresource\cvgamecoredll_expansion1\cvdllnetmessagehandler.cpp(595): warning C28251: Inconsistent annotation for 'ResponseRenameCity': this instance has no annotations. See c:\users\josh\documents\visual studio 2008\projects\cvgamecoresource\cvgamecoredll_expansion1\cvdllnetmessagehandler.h(63).
     1>c:\users\josh\documents\visual studio 2008\projects\cvgamecoresource\cvgamecoredll_expansion1\cvdllnetmessagehandler.cpp(606): warning C28251: Inconsistent annotation for 'ResponseRenameUnit': this instance has no annotations. See c:\users\josh\documents\visual studio 2008\projects\cvgamecoresource\cvgamecoredll_expansion1\cvdllnetmessagehandler.h(64).
         CvDllPlayerColorInfo.cpp
         CvDllPlayerOptionInfo.cpp
     1>c:\users\josh\documents\visual studio 2008\projects\cvgamecoresource\cvgamecoredll_expansion1\cvdllplayercolorinfo.cpp(12): warning C28251: Inconsistent annotation for '{ctor}': this instance has no annotations. See c:\users\josh\documents\visual studio 2008\projects\cvgamecoresource\cvgamecoredll_expansion1\cvdllplayercolorinfo.h(16).
     1>c:\users\josh\documents\visual studio 2008\projects\cvgamecoresource\cvgamecoredll_expansion1\cvdllplayeroptioninfo.cpp(12): warning C28251: Inconsistent annotation for '{ctor}': this instance has no annotations. See c:\users\josh\documents\visual studio 2008\projects\cvgamecoresource\cvgamecoredll_expansion1\cvdllplayeroptioninfo.h(16).
         CvDllPlot.cpp
         CvDllPolicyInfo.cpp
     1>c:\users\josh\documents\visual studio 2008\projects\cvgamecoresource\cvgamecoredll_expansion1\cvdllplayer.cpp(21): warning C28251: Inconsistent annotation for '{ctor}': this instance has no annotations. See c:\users\josh\documents\visual studio 2008\projects\cvgamecoresource\cvgamecoredll_expansion1\cvdllplayer.h(14).
         CvDllPreGame.cpp
     1>c:\users\josh\documents\visual studio 2008\projects\cvgamecoresource\cvgamecoredll_expansion1\cvdllpolicyinfo.cpp(12): warning C28251: Inconsistent annotation for '{ctor}': this instance has no annotations. See c:\users\josh\documents\visual studio 2008\projects\cvgamecoresource\cvgamecoredll_expansion1\cvdllpolicyinfo.h(16).
         CvDllPromotionInfo.cpp
     1>c:\users\josh\documents\visual studio 2008\projects\cvgamecoresource\cvgamecoredll_expansion1\cvdllplot.cpp(15): warning C28251: Inconsistent annotation for '{ctor}': this instance has no annotations. See c:\users\josh\documents\visual studio 2008\projects\cvgamecoresource\cvgamecoredll_expansion1\cvdllplot.h(14).
         CvDllRandom.cpp
     1>c:\users\josh\documents\visual studio 2008\projects\cvgamecoresource\cvgamecoredll_expansion1\cvdllpromotioninfo.cpp(13): warning C28251: Inconsistent annotation for '{ctor}': this instance has no annotations. See c:\users\josh\documents\visual studio 2008\projects\cvgamecoresource\cvgamecoredll_expansion1\cvdllpromotioninfo.h(16).
         CvDllResourceInfo.cpp
     1>c:\users\josh\documents\visual studio 2008\projects\cvgamecoresource\cvgamecoredll_expansion1\cvdllrandom.cpp(15): warning C28251: Inconsistent annotation for '{ctor}': this instance has no annotations. See c:\users\josh\documents\visual studio 2008\projects\cvgamecoresource\cvgamecoredll_expansion1\cvdllrandom.h(14).
         CvDllScriptSystemUtility.cpp
     1>c:\users\josh\documents\visual studio 2008\projects\cvgamecoresource\cvgamecoredll_expansion1\cvdllpregame.h(230): warning C28204: 'SetLoadFileName' : Only one of this override and the one at c:\users\josh\documents\visual studio 2008\projects\cvgamecoresource\cvgamecoredllutil\include\cvdllinterfaces.h(1628) are annotated for _Param_(1): both or neither must be annotated.
     1>c:\users\josh\documents\visual studio 2008\projects\cvgamecoresource\cvgamecoredll_expansion1\cvdllpregame.cpp(1087): warning C28251: Inconsistent annotation for 'SetLoadFileName': this instance has no annotations. See c:\users\josh\documents\visual studio 2008\projects\cvgamecoresource\cvgamecoredll_expansion1\cvdllpregame.h(230).
     1>c:\users\josh\documents\visual studio 2008\projects\cvgamecoresource\cvgamecoredll_expansion1\cvdllresourceinfo.cpp(12): warning C28251: Inconsistent annotation for '{ctor}': this instance has no annotations. See c:\users\josh\documents\visual studio 2008\projects\cvgamecoresource\cvgamecoredll_expansion1\cvdllresourceinfo.h(16).
         CvDllTeam.cpp
         CvDllTechInfo.cpp
     1>c:\users\josh\documents\visual studio 2008\projects\cvgamecoresource\cvgamecoredll_expansion1\cvdllteam.cpp(12): warning C28251: Inconsistent annotation for '{ctor}': this instance has no annotations. See c:\users\josh\documents\visual studio 2008\projects\cvgamecoresource\cvgamecoredll_expansion1\cvdllteam.h(14).
     1>c:\users\josh\documents\visual studio 2008\projects\cvgamecoresource\cvgamecoredll_expansion1\cvdlltechinfo.cpp(12): warning C28251: Inconsistent annotation for '{ctor}': this instance has no annotations. See c:\users\josh\documents\visual studio 2008\projects\cvgamecoresource\cvgamecoredll_expansion1\cvdlltechinfo.h(16).
         CvDllTerrainInfo.cpp
         CvDllUnit.cpp
     1>c:\users\josh\documents\visual studio 2008\projects\cvgamecoresource\cvgamecoredll_expansion1\cvdllterraininfo.cpp(12): warning C28251: Inconsistent annotation for '{ctor}': this instance has no annotations. See c:\users\josh\documents\visual studio 2008\projects\cvgamecoresource\cvgamecoredll_expansion1\cvdllterraininfo.h(16).
         CvDllUnitCombatClassInfo.cpp
     1>c:\users\josh\documents\visual studio 2008\projects\cvgamecoresource\cvgamecoredll_expansion1\cvdllunit.cpp(15): warning C28251: Inconsistent annotation for '{ctor}': this instance has no annotations. See c:\users\josh\documents\visual studio 2008\projects\cvgamecoresource\cvgamecoredll_expansion1\cvdllunit.h(14).
     1>c:\users\josh\documents\visual studio 2008\projects\cvgamecoresource\cvgamecoredll_expansion1\cvdllunit.cpp(206): warning C28251: Inconsistent annotation for 'CanSwapWithUnitHere': this instance has no annotations. See c:\users\josh\documents\visual studio 2008\projects\cvgamecoresource\cvgamecoredll_expansion1\cvdllunit.h(64).
     1>c:\users\josh\documents\visual studio 2008\projects\cvgamecoresource\cvgamecoredll_expansion1\cvdllunit.cpp(216): warning C28251: Inconsistent annotation for 'CanEmbarkOnto': this instance has no annotations. See c:\users\josh\documents\visual studio 2008\projects\cvgamecoresource\cvgamecoredll_expansion1\cvdllunit.h(65).
     1>c:\users\josh\documents\visual studio 2008\projects\cvgamecoresource\cvgamecoredll_expansion1\cvdllunit.cpp(229): warning C28251: Inconsistent annotation for 'CanDisembarkOnto': this instance has no annotations. See c:\users\josh\documents\visual studio 2008\projects\cvgamecoresource\cvgamecoredll_expansion1\cvdllunit.h(66).
         CvDllUnitInfo.cpp
     1>c:\users\josh\documents\visual studio 2008\projects\cvgamecoresource\cvgamecoredll_expansion1\cvdllunitcombatclassinfo.cpp(13): warning C28251: Inconsistent annotation for '{ctor}': this instance has no annotations. See c:\users\josh\documents\visual studio 2008\projects\cvgamecoresource\cvgamecoredll_expansion1\cvdllunitcombatclassinfo.h(16).
         CvDllVictoryInfo.cpp
         CvDllWorldBuilderMapLoader.cpp
     1>c:\users\josh\documents\visual studio 2008\projects\cvgamecoresource\cvgamecoredll_expansion1\cvdllunitinfo.cpp(12): warning C28251: Inconsistent annotation for '{ctor}': this instance has no annotations. See c:\users\josh\documents\visual studio 2008\projects\cvgamecoresource\cvgamecoredll_expansion1\cvdllunitinfo.h(14).
         CvDllWorldInfo.cpp
     1>c:\users\josh\documents\visual studio 2008\projects\cvgamecoresource\cvgamecoredll_expansion1\cvdllvictoryinfo.cpp(13): warning C28251: Inconsistent annotation for '{ctor}': this instance has no annotations. See c:\users\josh\documents\visual studio 2008\projects\cvgamecoresource\cvgamecoredll_expansion1\cvdllvictoryinfo.h(16).
     1>c:\users\josh\documents\visual studio 2008\projects\cvgamecoresource\cvgamecoredll_expansion1\cvdllworldbuildermaploader.cpp(57): warning C28251: Inconsistent annotation for 'Preload': this instance has no annotations. See c:\users\josh\documents\visual studio 2008\projects\cvgamecoresource\cvgamecoredll_expansion1\cvdllworldbuildermaploader.h(26).
     1>c:\users\josh\documents\visual studio 2008\projects\cvgamecoresource\cvgamecoredll_expansion1\cvdllworldbuildermaploader.cpp(82): warning C28251: Inconsistent annotation for 'Save': this instance has no annotations. See c:\users\josh\documents\visual studio 2008\projects\cvgamecoresource\cvgamecoredll_expansion1\cvdllworldbuildermaploader.h(33).
     1>c:\users\josh\documents\visual studio 2008\projects\cvgamecoresource\cvgamecoredll_expansion1\cvdllworldbuildermaploader.cpp(122): warning C28251: Inconsistent annotation for 'PreviewPlayableCivCount': this instance has no annotations. See c:\users\josh\documents\visual studio 2008\projects\cvgamecoresource\cvgamecoredll_expansion1\cvdllworldbuildermaploader.h(47).
     1>c:\users\josh\documents\visual studio 2008\projects\cvgamecoresource\cvgamecoredll_expansion1\cvdllworldinfo.cpp(13): warning C28251: Inconsistent annotation for '{ctor}': this instance has no annotations. See c:\users\josh\documents\visual studio 2008\projects\cvgamecoresource\cvgamecoredll_expansion1\cvdllworldinfo.h(16).
     1>Done Building Project "C:\Users\josh\Documents\Visual Studio 2008\Projects\CvGameCoreSource\CvGameCoreDLL_Expansion1\CvGameCoreDLL_Expansion1.vs2013.vcxproj" (Build target(s)) -- FAILED.

Build FAILED.

Time Elapsed 00:02:39.09
